CRITICAL - 2025-10-15 23:27:48 --> InvalidArgumentException: Invalid code
[Method: GET, Route: signup/signupGoogleSubmit]
in APPPATH/Libraries/google/vendor/google/apiclient/src/Client.php on line 249.
 1 APPPATH/Controllers/Signup.php(273): Google\Client->fetchAccessTokenWithAuthCode()
 2 SYSTEMPATH/CodeIgniter.php(933): App\Controllers\Signup->signupGoogleSubmit()
 3 SYSTEMPATH/CodeIgniter.php(509): CodeIgniter\CodeIgniter->runController()
 4 SYSTEMPATH/CodeIgniter.php(355): CodeIgniter\CodeIgniter->handleRequest()
 5 SYSTEMPATH/Boot.php(334): CodeIgniter\CodeIgniter->run()
 6 SYSTEMPATH/Boot.php(67): CodeIgniter\Boot::runCodeIgniter()
 7 FCPATH/index.php(56): CodeIgniter\Boot::bootWeb()
CRITICAL - 2025-10-15 23:32:43 --> ErrorException: Trying to access array offset on value of type null
[Method: POST, Route: playings/claimPrize]
in APPPATH/Controllers/Playings.php on line 167.
 1 APPPATH/Controllers/Playings.php(167): CodeIgniter\Debug\Exceptions->errorHandler()
 2 SYSTEMPATH/CodeIgniter.php(933): App\Controllers\Playings->claimPrize()
 3 SYSTEMPATH/CodeIgniter.php(509): CodeIgniter\CodeIgniter->runController()
 4 SYSTEMPATH/CodeIgniter.php(355): CodeIgniter\CodeIgniter->handleRequest()
 5 SYSTEMPATH/Boot.php(334): CodeIgniter\CodeIgniter->run()
 6 SYSTEMPATH/Boot.php(67): CodeIgniter\Boot::runCodeIgniter()
 7 FCPATH/index.php(56): CodeIgniter\Boot::bootWeb()
CRITICAL - 2025-10-15 23:33:00 --> ErrorException: Trying to access array offset on value of type null
[Method: POST, Route: playings/claimPrize]
in APPPATH/Controllers/Playings.php on line 167.
 1 APPPATH/Controllers/Playings.php(167): CodeIgniter\Debug\Exceptions->errorHandler()
 2 SYSTEMPATH/CodeIgniter.php(933): App\Controllers\Playings->claimPrize()
 3 SYSTEMPATH/CodeIgniter.php(509): CodeIgniter\CodeIgniter->runController()
 4 SYSTEMPATH/CodeIgniter.php(355): CodeIgniter\CodeIgniter->handleRequest()
 5 SYSTEMPATH/Boot.php(334): CodeIgniter\CodeIgniter->run()
 6 SYSTEMPATH/Boot.php(67): CodeIgniter\Boot::runCodeIgniter()
 7 FCPATH/index.php(56): CodeIgniter\Boot::bootWeb()
CRITICAL - 2025-10-15 23:33:26 --> ErrorException: Trying to access array offset on value of type null
[Method: POST, Route: playings/claimPrize]
in APPPATH/Controllers/Playings.php on line 167.
 1 APPPATH/Controllers/Playings.php(167): CodeIgniter\Debug\Exceptions->errorHandler()
 2 SYSTEMPATH/CodeIgniter.php(933): App\Controllers\Playings->claimPrize()
 3 SYSTEMPATH/CodeIgniter.php(509): CodeIgniter\CodeIgniter->runController()
 4 SYSTEMPATH/CodeIgniter.php(355): CodeIgniter\CodeIgniter->handleRequest()
 5 SYSTEMPATH/Boot.php(334): CodeIgniter\CodeIgniter->run()
 6 SYSTEMPATH/Boot.php(67): CodeIgniter\Boot::runCodeIgniter()
 7 FCPATH/index.php(56): CodeIgniter\Boot::bootWeb()
