ERROR - 2026-04-29 15:51:11 --> mysqli_sql_exception: Unknown column 'game' in 'WHERE' in /home/u154283797/domains/reybingo.com/public_html/system/Database/MySQLi/Connection.php:312
Stack trace:
#0 /home/u154283797/domains/reybingo.com/public_html/system/Database/MySQLi/Connection.php(312): mysqli->query()
#1 /home/u154283797/domains/reybingo.com/public_html/system/Database/BaseConnection.php(734): CodeIgniter\Database\MySQLi\Connection->execute()
#2 /home/u154283797/domains/reybingo.com/public_html/system/Database/BaseConnection.php(648): CodeIgniter\Database\BaseConnection->simpleQuery()
#3 /home/u154283797/domains/reybingo.com/public_html/system/Database/BaseBuilder.php(2516): CodeIgniter\Database\BaseConnection->query()
#4 /home/u154283797/domains/reybingo.com/public_html/system/Model.php(461): CodeIgniter\Database\BaseBuilder->update()
#5 /home/u154283797/domains/reybingo.com/public_html/system/BaseModel.php(1027): CodeIgniter\Model->doUpdate()
#6 /home/u154283797/domains/reybingo.com/public_html/system/Model.php(863): CodeIgniter\BaseModel->update()
#7 /home/u154283797/domains/reybingo.com/public_html/app/Controllers/Boards.php(308): CodeIgniter\Model->update()
#8 /home/u154283797/domains/reybingo.com/public_html/system/CodeIgniter.php(933): App\Controllers\Boards->numberAutoSubmit()
#9 /home/u154283797/domains/reybingo.com/public_html/system/CodeIgniter.php(509): CodeIgniter\CodeIgniter->runController()
#10 /home/u154283797/domains/reybingo.com/public_html/system/CodeIgniter.php(355): CodeIgniter\CodeIgniter->handleRequest()
#11 /home/u154283797/domains/reybingo.com/public_html/system/Boot.php(334): CodeIgniter\CodeIgniter->run()
#12 /home/u154283797/domains/reybingo.com/public_html/system/Boot.php(67): CodeIgniter\Boot::runCodeIgniter()
#13 /home/u154283797/domains/reybingo.com/public_html/public/index.php(56): CodeIgniter\Boot::bootWeb()
#14 {main}
CRITICAL - 2026-04-29 15:51:11 --> CodeIgniter\Database\Exceptions\DatabaseException: Unknown column 'game' in 'WHERE'
[Method: GET, Route: boards/numberAutoSubmit]
in SYSTEMPATH/Database/BaseConnection.php on line 688.
 1 SYSTEMPATH/Database/BaseBuilder.php(2516): CodeIgniter\Database\BaseConnection->query()
 2 SYSTEMPATH/Model.php(461): CodeIgniter\Database\BaseBuilder->update()
 3 SYSTEMPATH/BaseModel.php(1027): CodeIgniter\Model->doUpdate()
 4 SYSTEMPATH/Model.php(863): CodeIgniter\BaseModel->update()
 5 APPPATH/Controllers/Boards.php(308): CodeIgniter\Model->update()
 6 SYSTEMPATH/CodeIgniter.php(933): App\Controllers\Boards->numberAutoSubmit()
 7 SYSTEMPATH/CodeIgniter.php(509): CodeIgniter\CodeIgniter->runController()
 8 SYSTEMPATH/CodeIgniter.php(355): CodeIgniter\CodeIgniter->handleRequest()
 9 SYSTEMPATH/Boot.php(334): CodeIgniter\CodeIgniter->run()
10 SYSTEMPATH/Boot.php(67): CodeIgniter\Boot::runCodeIgniter()
11 FCPATH/index.php(56): CodeIgniter\Boot::bootWeb()
CRITICAL - 2026-04-29 15:51:11 --> [Caused by] CodeIgniter\Database\Exceptions\DatabaseException: Unknown column 'game' in 'WHERE'
in SYSTEMPATH/Database/MySQLi/Connection.php on line 317.
 1 SYSTEMPATH/Database/BaseConnection.php(734): CodeIgniter\Database\MySQLi\Connection->execute()
 2 SYSTEMPATH/Database/BaseConnection.php(648): CodeIgniter\Database\BaseConnection->simpleQuery()
 3 SYSTEMPATH/Database/BaseBuilder.php(2516): CodeIgniter\Database\BaseConnection->query()
 4 SYSTEMPATH/Model.php(461): CodeIgniter\Database\BaseBuilder->update()
 5 SYSTEMPATH/BaseModel.php(1027): CodeIgniter\Model->doUpdate()
 6 SYSTEMPATH/Model.php(863): CodeIgniter\BaseModel->update()
 7 APPPATH/Controllers/Boards.php(308): CodeIgniter\Model->update()
 8 SYSTEMPATH/CodeIgniter.php(933): App\Controllers\Boards->numberAutoSubmit()
 9 SYSTEMPATH/CodeIgniter.php(509): CodeIgniter\CodeIgniter->runController()
10 SYSTEMPATH/CodeIgniter.php(355): CodeIgniter\CodeIgniter->handleRequest()
11 SYSTEMPATH/Boot.php(334): CodeIgniter\CodeIgniter->run()
12 SYSTEMPATH/Boot.php(67): CodeIgniter\Boot::runCodeIgniter()
13 FCPATH/index.php(56): CodeIgniter\Boot::bootWeb()
CRITICAL - 2026-04-29 15:51:11 --> [Caused by] mysqli_sql_exception: Unknown column 'game' in 'WHERE'
in SYSTEMPATH/Database/MySQLi/Connection.php on line 312.
 1 SYSTEMPATH/Database/MySQLi/Connection.php(312): mysqli->query()
 2 SYSTEMPATH/Database/BaseConnection.php(734): CodeIgniter\Database\MySQLi\Connection->execute()
 3 SYSTEMPATH/Database/BaseConnection.php(648): CodeIgniter\Database\BaseConnection->simpleQuery()
 4 SYSTEMPATH/Database/BaseBuilder.php(2516): CodeIgniter\Database\BaseConnection->query()
 5 SYSTEMPATH/Model.php(461): CodeIgniter\Database\BaseBuilder->update()
 6 SYSTEMPATH/BaseModel.php(1027): CodeIgniter\Model->doUpdate()
 7 SYSTEMPATH/Model.php(863): CodeIgniter\BaseModel->update()
 8 APPPATH/Controllers/Boards.php(308): CodeIgniter\Model->update()
 9 SYSTEMPATH/CodeIgniter.php(933): App\Controllers\Boards->numberAutoSubmit()
10 SYSTEMPATH/CodeIgniter.php(509): CodeIgniter\CodeIgniter->runController()
11 SYSTEMPATH/CodeIgniter.php(355): CodeIgniter\CodeIgniter->handleRequest()
12 SYSTEMPATH/Boot.php(334): CodeIgniter\CodeIgniter->run()
13 SYSTEMPATH/Boot.php(67): CodeIgniter\Boot::runCodeIgniter()
14 FCPATH/index.php(56): CodeIgniter\Boot::bootWeb()
ERROR - 2026-04-29 15:51:15 --> mysqli_sql_exception: Unknown column 'game' in 'WHERE' in /home/u154283797/domains/reybingo.com/public_html/system/Database/MySQLi/Connection.php:312
Stack trace:
#0 /home/u154283797/domains/reybingo.com/public_html/system/Database/MySQLi/Connection.php(312): mysqli->query()
#1 /home/u154283797/domains/reybingo.com/public_html/system/Database/BaseConnection.php(734): CodeIgniter\Database\MySQLi\Connection->execute()
#2 /home/u154283797/domains/reybingo.com/public_html/system/Database/BaseConnection.php(648): CodeIgniter\Database\BaseConnection->simpleQuery()
#3 /home/u154283797/domains/reybingo.com/public_html/system/Database/BaseBuilder.php(2516): CodeIgniter\Database\BaseConnection->query()
#4 /home/u154283797/domains/reybingo.com/public_html/system/Model.php(461): CodeIgniter\Database\BaseBuilder->update()
#5 /home/u154283797/domains/reybingo.com/public_html/system/BaseModel.php(1027): CodeIgniter\Model->doUpdate()
#6 /home/u154283797/domains/reybingo.com/public_html/system/Model.php(863): CodeIgniter\BaseModel->update()
#7 /home/u154283797/domains/reybingo.com/public_html/app/Controllers/Boards.php(308): CodeIgniter\Model->update()
#8 /home/u154283797/domains/reybingo.com/public_html/system/CodeIgniter.php(933): App\Controllers\Boards->numberAutoSubmit()
#9 /home/u154283797/domains/reybingo.com/public_html/system/CodeIgniter.php(509): CodeIgniter\CodeIgniter->runController()
#10 /home/u154283797/domains/reybingo.com/public_html/system/CodeIgniter.php(355): CodeIgniter\CodeIgniter->handleRequest()
#11 /home/u154283797/domains/reybingo.com/public_html/system/Boot.php(334): CodeIgniter\CodeIgniter->run()
#12 /home/u154283797/domains/reybingo.com/public_html/system/Boot.php(67): CodeIgniter\Boot::runCodeIgniter()
#13 /home/u154283797/domains/reybingo.com/public_html/public/index.php(56): CodeIgniter\Boot::bootWeb()
#14 {main}
CRITICAL - 2026-04-29 15:51:15 --> CodeIgniter\Database\Exceptions\DatabaseException: Unknown column 'game' in 'WHERE'
[Method: GET, Route: boards/numberAutoSubmit]
in SYSTEMPATH/Database/BaseConnection.php on line 688.
 1 SYSTEMPATH/Database/BaseBuilder.php(2516): CodeIgniter\Database\BaseConnection->query()
 2 SYSTEMPATH/Model.php(461): CodeIgniter\Database\BaseBuilder->update()
 3 SYSTEMPATH/BaseModel.php(1027): CodeIgniter\Model->doUpdate()
 4 SYSTEMPATH/Model.php(863): CodeIgniter\BaseModel->update()
 5 APPPATH/Controllers/Boards.php(308): CodeIgniter\Model->update()
 6 SYSTEMPATH/CodeIgniter.php(933): App\Controllers\Boards->numberAutoSubmit()
 7 SYSTEMPATH/CodeIgniter.php(509): CodeIgniter\CodeIgniter->runController()
 8 SYSTEMPATH/CodeIgniter.php(355): CodeIgniter\CodeIgniter->handleRequest()
 9 SYSTEMPATH/Boot.php(334): CodeIgniter\CodeIgniter->run()
10 SYSTEMPATH/Boot.php(67): CodeIgniter\Boot::runCodeIgniter()
11 FCPATH/index.php(56): CodeIgniter\Boot::bootWeb()
CRITICAL - 2026-04-29 15:51:15 --> [Caused by] CodeIgniter\Database\Exceptions\DatabaseException: Unknown column 'game' in 'WHERE'
in SYSTEMPATH/Database/MySQLi/Connection.php on line 317.
 1 SYSTEMPATH/Database/BaseConnection.php(734): CodeIgniter\Database\MySQLi\Connection->execute()
 2 SYSTEMPATH/Database/BaseConnection.php(648): CodeIgniter\Database\BaseConnection->simpleQuery()
 3 SYSTEMPATH/Database/BaseBuilder.php(2516): CodeIgniter\Database\BaseConnection->query()
 4 SYSTEMPATH/Model.php(461): CodeIgniter\Database\BaseBuilder->update()
 5 SYSTEMPATH/BaseModel.php(1027): CodeIgniter\Model->doUpdate()
 6 SYSTEMPATH/Model.php(863): CodeIgniter\BaseModel->update()
 7 APPPATH/Controllers/Boards.php(308): CodeIgniter\Model->update()
 8 SYSTEMPATH/CodeIgniter.php(933): App\Controllers\Boards->numberAutoSubmit()
 9 SYSTEMPATH/CodeIgniter.php(509): CodeIgniter\CodeIgniter->runController()
10 SYSTEMPATH/CodeIgniter.php(355): CodeIgniter\CodeIgniter->handleRequest()
11 SYSTEMPATH/Boot.php(334): CodeIgniter\CodeIgniter->run()
12 SYSTEMPATH/Boot.php(67): CodeIgniter\Boot::runCodeIgniter()
13 FCPATH/index.php(56): CodeIgniter\Boot::bootWeb()
CRITICAL - 2026-04-29 15:51:15 --> [Caused by] mysqli_sql_exception: Unknown column 'game' in 'WHERE'
in SYSTEMPATH/Database/MySQLi/Connection.php on line 312.
 1 SYSTEMPATH/Database/MySQLi/Connection.php(312): mysqli->query()
 2 SYSTEMPATH/Database/BaseConnection.php(734): CodeIgniter\Database\MySQLi\Connection->execute()
 3 SYSTEMPATH/Database/BaseConnection.php(648): CodeIgniter\Database\BaseConnection->simpleQuery()
 4 SYSTEMPATH/Database/BaseBuilder.php(2516): CodeIgniter\Database\BaseConnection->query()
 5 SYSTEMPATH/Model.php(461): CodeIgniter\Database\BaseBuilder->update()
 6 SYSTEMPATH/BaseModel.php(1027): CodeIgniter\Model->doUpdate()
 7 SYSTEMPATH/Model.php(863): CodeIgniter\BaseModel->update()
 8 APPPATH/Controllers/Boards.php(308): CodeIgniter\Model->update()
 9 SYSTEMPATH/CodeIgniter.php(933): App\Controllers\Boards->numberAutoSubmit()
10 SYSTEMPATH/CodeIgniter.php(509): CodeIgniter\CodeIgniter->runController()
11 SYSTEMPATH/CodeIgniter.php(355): CodeIgniter\CodeIgniter->handleRequest()
12 SYSTEMPATH/Boot.php(334): CodeIgniter\CodeIgniter->run()
13 SYSTEMPATH/Boot.php(67): CodeIgniter\Boot::runCodeIgniter()
14 FCPATH/index.php(56): CodeIgniter\Boot::bootWeb()
