ERROR - 2025-07-30 23:36:07 --> mysqli_sql_exception: Column 'lastname' cannot be null in /home/u353013802/domains/hubbills.com/public_html/bingo/system/Database/MySQLi/Connection.php:312
Stack trace:
#0 /home/u353013802/domains/hubbills.com/public_html/bingo/system/Database/MySQLi/Connection.php(312): mysqli->query()
#1 /home/u353013802/domains/hubbills.com/public_html/bingo/system/Database/BaseConnection.php(734): CodeIgniter\Database\MySQLi\Connection->execute()
#2 /home/u353013802/domains/hubbills.com/public_html/bingo/system/Database/BaseConnection.php(648): CodeIgniter\Database\BaseConnection->simpleQuery()
#3 /home/u353013802/domains/hubbills.com/public_html/bingo/system/Database/BaseBuilder.php(2340): CodeIgniter\Database\BaseConnection->query()
#4 /home/u353013802/domains/hubbills.com/public_html/bingo/system/Model.php(394): CodeIgniter\Database\BaseBuilder->insert()
#5 /home/u353013802/domains/hubbills.com/public_html/bingo/system/BaseModel.php(839): CodeIgniter\Model->doInsert()
#6 /home/u353013802/domains/hubbills.com/public_html/bingo/system/Model.php(800): CodeIgniter\BaseModel->insert()
#7 /home/u353013802/domains/hubbills.com/public_html/bingo/app/Controllers/Signup.php(287): CodeIgniter\Model->insert()
#8 /home/u353013802/domains/hubbills.com/public_html/bingo/system/CodeIgniter.php(933): App\Controllers\Signup->signupGoogleSubmit()
#9 /home/u353013802/domains/hubbills.com/public_html/bingo/system/CodeIgniter.php(509): CodeIgniter\CodeIgniter->runController()
#10 /home/u353013802/domains/hubbills.com/public_html/bingo/system/CodeIgniter.php(355): CodeIgniter\CodeIgniter->handleRequest()
#11 /home/u353013802/domains/hubbills.com/public_html/bingo/system/Boot.php(334): CodeIgniter\CodeIgniter->run()
#12 /home/u353013802/domains/hubbills.com/public_html/bingo/system/Boot.php(67): CodeIgniter\Boot::runCodeIgniter()
#13 /home/u353013802/domains/hubbills.com/public_html/bingo/public/index.php(56): CodeIgniter\Boot::bootWeb()
#14 {main}
CRITICAL - 2025-07-30 23:36:07 --> CodeIgniter\Database\Exceptions\DatabaseException: Column 'lastname' cannot be null
[Method: GET, Route: signup/signupGoogleSubmit]
in SYSTEMPATH/Database/BaseConnection.php on line 688.
 1 SYSTEMPATH/Database/BaseBuilder.php(2340): CodeIgniter\Database\BaseConnection->query()
 2 SYSTEMPATH/Model.php(394): CodeIgniter\Database\BaseBuilder->insert()
 3 SYSTEMPATH/BaseModel.php(839): CodeIgniter\Model->doInsert()
 4 SYSTEMPATH/Model.php(800): CodeIgniter\BaseModel->insert()
 5 APPPATH/Controllers/Signup.php(287): CodeIgniter\Model->insert()
 6 SYSTEMPATH/CodeIgniter.php(933): App\Controllers\Signup->signupGoogleSubmit()
 7 SYSTEMPATH/CodeIgniter.php(509): CodeIgniter\CodeIgniter->runController()
 8 SYSTEMPATH/CodeIgniter.php(355): CodeIgniter\CodeIgniter->handleRequest()
 9 SYSTEMPATH/Boot.php(334): CodeIgniter\CodeIgniter->run()
10 SYSTEMPATH/Boot.php(67): CodeIgniter\Boot::runCodeIgniter()
11 FCPATH/index.php(56): CodeIgniter\Boot::bootWeb()
CRITICAL - 2025-07-30 23:36:07 --> [Caused by] CodeIgniter\Database\Exceptions\DatabaseException: Column 'lastname' cannot be null
in SYSTEMPATH/Database/MySQLi/Connection.php on line 317.
 1 SYSTEMPATH/Database/BaseConnection.php(734): CodeIgniter\Database\MySQLi\Connection->execute()
 2 SYSTEMPATH/Database/BaseConnection.php(648): CodeIgniter\Database\BaseConnection->simpleQuery()
 3 SYSTEMPATH/Database/BaseBuilder.php(2340): CodeIgniter\Database\BaseConnection->query()
 4 SYSTEMPATH/Model.php(394): CodeIgniter\Database\BaseBuilder->insert()
 5 SYSTEMPATH/BaseModel.php(839): CodeIgniter\Model->doInsert()
 6 SYSTEMPATH/Model.php(800): CodeIgniter\BaseModel->insert()
 7 APPPATH/Controllers/Signup.php(287): CodeIgniter\Model->insert()
 8 SYSTEMPATH/CodeIgniter.php(933): App\Controllers\Signup->signupGoogleSubmit()
 9 SYSTEMPATH/CodeIgniter.php(509): CodeIgniter\CodeIgniter->runController()
10 SYSTEMPATH/CodeIgniter.php(355): CodeIgniter\CodeIgniter->handleRequest()
11 SYSTEMPATH/Boot.php(334): CodeIgniter\CodeIgniter->run()
12 SYSTEMPATH/Boot.php(67): CodeIgniter\Boot::runCodeIgniter()
13 FCPATH/index.php(56): CodeIgniter\Boot::bootWeb()
CRITICAL - 2025-07-30 23:36:07 --> [Caused by] mysqli_sql_exception: Column 'lastname' cannot be null
in SYSTEMPATH/Database/MySQLi/Connection.php on line 312.
 1 SYSTEMPATH/Database/MySQLi/Connection.php(312): mysqli->query()
 2 SYSTEMPATH/Database/BaseConnection.php(734): CodeIgniter\Database\MySQLi\Connection->execute()
 3 SYSTEMPATH/Database/BaseConnection.php(648): CodeIgniter\Database\BaseConnection->simpleQuery()
 4 SYSTEMPATH/Database/BaseBuilder.php(2340): CodeIgniter\Database\BaseConnection->query()
 5 SYSTEMPATH/Model.php(394): CodeIgniter\Database\BaseBuilder->insert()
 6 SYSTEMPATH/BaseModel.php(839): CodeIgniter\Model->doInsert()
 7 SYSTEMPATH/Model.php(800): CodeIgniter\BaseModel->insert()
 8 APPPATH/Controllers/Signup.php(287): CodeIgniter\Model->insert()
 9 SYSTEMPATH/CodeIgniter.php(933): App\Controllers\Signup->signupGoogleSubmit()
10 SYSTEMPATH/CodeIgniter.php(509): CodeIgniter\CodeIgniter->runController()
11 SYSTEMPATH/CodeIgniter.php(355): CodeIgniter\CodeIgniter->handleRequest()
12 SYSTEMPATH/Boot.php(334): CodeIgniter\CodeIgniter->run()
13 SYSTEMPATH/Boot.php(67): CodeIgniter\Boot::runCodeIgniter()
14 FCPATH/index.php(56): CodeIgniter\Boot::bootWeb()
ERROR - 2025-07-30 23:36:45 --> mysqli_sql_exception: Column 'lastname' cannot be null in /home/u353013802/domains/hubbills.com/public_html/bingo/system/Database/MySQLi/Connection.php:312
Stack trace:
#0 /home/u353013802/domains/hubbills.com/public_html/bingo/system/Database/MySQLi/Connection.php(312): mysqli->query()
#1 /home/u353013802/domains/hubbills.com/public_html/bingo/system/Database/BaseConnection.php(734): CodeIgniter\Database\MySQLi\Connection->execute()
#2 /home/u353013802/domains/hubbills.com/public_html/bingo/system/Database/BaseConnection.php(648): CodeIgniter\Database\BaseConnection->simpleQuery()
#3 /home/u353013802/domains/hubbills.com/public_html/bingo/system/Database/BaseBuilder.php(2340): CodeIgniter\Database\BaseConnection->query()
#4 /home/u353013802/domains/hubbills.com/public_html/bingo/system/Model.php(394): CodeIgniter\Database\BaseBuilder->insert()
#5 /home/u353013802/domains/hubbills.com/public_html/bingo/system/BaseModel.php(839): CodeIgniter\Model->doInsert()
#6 /home/u353013802/domains/hubbills.com/public_html/bingo/system/Model.php(800): CodeIgniter\BaseModel->insert()
#7 /home/u353013802/domains/hubbills.com/public_html/bingo/app/Controllers/Signup.php(287): CodeIgniter\Model->insert()
#8 /home/u353013802/domains/hubbills.com/public_html/bingo/system/CodeIgniter.php(933): App\Controllers\Signup->signupGoogleSubmit()
#9 /home/u353013802/domains/hubbills.com/public_html/bingo/system/CodeIgniter.php(509): CodeIgniter\CodeIgniter->runController()
#10 /home/u353013802/domains/hubbills.com/public_html/bingo/system/CodeIgniter.php(355): CodeIgniter\CodeIgniter->handleRequest()
#11 /home/u353013802/domains/hubbills.com/public_html/bingo/system/Boot.php(334): CodeIgniter\CodeIgniter->run()
#12 /home/u353013802/domains/hubbills.com/public_html/bingo/system/Boot.php(67): CodeIgniter\Boot::runCodeIgniter()
#13 /home/u353013802/domains/hubbills.com/public_html/bingo/public/index.php(56): CodeIgniter\Boot::bootWeb()
#14 {main}
CRITICAL - 2025-07-30 23:36:45 --> CodeIgniter\Database\Exceptions\DatabaseException: Column 'lastname' cannot be null
[Method: GET, Route: signup/signupGoogleSubmit]
in SYSTEMPATH/Database/BaseConnection.php on line 688.
 1 SYSTEMPATH/Database/BaseBuilder.php(2340): CodeIgniter\Database\BaseConnection->query()
 2 SYSTEMPATH/Model.php(394): CodeIgniter\Database\BaseBuilder->insert()
 3 SYSTEMPATH/BaseModel.php(839): CodeIgniter\Model->doInsert()
 4 SYSTEMPATH/Model.php(800): CodeIgniter\BaseModel->insert()
 5 APPPATH/Controllers/Signup.php(287): CodeIgniter\Model->insert()
 6 SYSTEMPATH/CodeIgniter.php(933): App\Controllers\Signup->signupGoogleSubmit()
 7 SYSTEMPATH/CodeIgniter.php(509): CodeIgniter\CodeIgniter->runController()
 8 SYSTEMPATH/CodeIgniter.php(355): CodeIgniter\CodeIgniter->handleRequest()
 9 SYSTEMPATH/Boot.php(334): CodeIgniter\CodeIgniter->run()
10 SYSTEMPATH/Boot.php(67): CodeIgniter\Boot::runCodeIgniter()
11 FCPATH/index.php(56): CodeIgniter\Boot::bootWeb()
CRITICAL - 2025-07-30 23:36:45 --> [Caused by] CodeIgniter\Database\Exceptions\DatabaseException: Column 'lastname' cannot be null
in SYSTEMPATH/Database/MySQLi/Connection.php on line 317.
 1 SYSTEMPATH/Database/BaseConnection.php(734): CodeIgniter\Database\MySQLi\Connection->execute()
 2 SYSTEMPATH/Database/BaseConnection.php(648): CodeIgniter\Database\BaseConnection->simpleQuery()
 3 SYSTEMPATH/Database/BaseBuilder.php(2340): CodeIgniter\Database\BaseConnection->query()
 4 SYSTEMPATH/Model.php(394): CodeIgniter\Database\BaseBuilder->insert()
 5 SYSTEMPATH/BaseModel.php(839): CodeIgniter\Model->doInsert()
 6 SYSTEMPATH/Model.php(800): CodeIgniter\BaseModel->insert()
 7 APPPATH/Controllers/Signup.php(287): CodeIgniter\Model->insert()
 8 SYSTEMPATH/CodeIgniter.php(933): App\Controllers\Signup->signupGoogleSubmit()
 9 SYSTEMPATH/CodeIgniter.php(509): CodeIgniter\CodeIgniter->runController()
10 SYSTEMPATH/CodeIgniter.php(355): CodeIgniter\CodeIgniter->handleRequest()
11 SYSTEMPATH/Boot.php(334): CodeIgniter\CodeIgniter->run()
12 SYSTEMPATH/Boot.php(67): CodeIgniter\Boot::runCodeIgniter()
13 FCPATH/index.php(56): CodeIgniter\Boot::bootWeb()
CRITICAL - 2025-07-30 23:36:45 --> [Caused by] mysqli_sql_exception: Column 'lastname' cannot be null
in SYSTEMPATH/Database/MySQLi/Connection.php on line 312.
 1 SYSTEMPATH/Database/MySQLi/Connection.php(312): mysqli->query()
 2 SYSTEMPATH/Database/BaseConnection.php(734): CodeIgniter\Database\MySQLi\Connection->execute()
 3 SYSTEMPATH/Database/BaseConnection.php(648): CodeIgniter\Database\BaseConnection->simpleQuery()
 4 SYSTEMPATH/Database/BaseBuilder.php(2340): CodeIgniter\Database\BaseConnection->query()
 5 SYSTEMPATH/Model.php(394): CodeIgniter\Database\BaseBuilder->insert()
 6 SYSTEMPATH/BaseModel.php(839): CodeIgniter\Model->doInsert()
 7 SYSTEMPATH/Model.php(800): CodeIgniter\BaseModel->insert()
 8 APPPATH/Controllers/Signup.php(287): CodeIgniter\Model->insert()
 9 SYSTEMPATH/CodeIgniter.php(933): App\Controllers\Signup->signupGoogleSubmit()
10 SYSTEMPATH/CodeIgniter.php(509): CodeIgniter\CodeIgniter->runController()
11 SYSTEMPATH/CodeIgniter.php(355): CodeIgniter\CodeIgniter->handleRequest()
12 SYSTEMPATH/Boot.php(334): CodeIgniter\CodeIgniter->run()
13 SYSTEMPATH/Boot.php(67): CodeIgniter\Boot::runCodeIgniter()
14 FCPATH/index.php(56): CodeIgniter\Boot::bootWeb()
