ERROR - 2026-02-07 22:41:35 --> Error connecting to the database: mysqli_sql_exception: Too many connections in /home/u154283797/domains/reybingo.com/public_html/system/Database/MySQLi/Connection.php:186
Stack trace:
#0 /home/u154283797/domains/reybingo.com/public_html/system/Database/MySQLi/Connection.php(186): mysqli->real_connect()
#1 /home/u154283797/domains/reybingo.com/public_html/system/Database/BaseConnection.php(421): CodeIgniter\Database\MySQLi\Connection->connect()
#2 /home/u154283797/domains/reybingo.com/public_html/system/Database/BaseConnection.php(616): CodeIgniter\Database\BaseConnection->initialize()
#3 /home/u154283797/domains/reybingo.com/public_html/system/Database/BaseBuilder.php(1644): CodeIgniter\Database\BaseConnection->query()
#4 /home/u154283797/domains/reybingo.com/public_html/app/Config/App.php(107): CodeIgniter\Database\BaseBuilder->get()
#5 /home/u154283797/domains/reybingo.com/public_html/app/Config/App.php(12): Config\App->getLanguageFromDatabase()
#6 /home/u154283797/domains/reybingo.com/public_html/system/Config/Factories.php(235): Config\App->__construct()
#7 /home/u154283797/domains/reybingo.com/public_html/system/Config/Factories.php(169): CodeIgniter\Config\Factories::createInstance()
#8 /home/u154283797/domains/reybingo.com/public_html/system/Config/Factories.php(188): CodeIgniter\Config\Factories::__callStatic()
#9 /home/u154283797/domains/reybingo.com/public_html/system/Common.php(208): CodeIgniter\Config\Factories::get()
#10 /home/u154283797/domains/reybingo.com/public_html/system/Config/Services.php(162): config()
#11 /home/u154283797/domains/reybingo.com/public_html/system/Config/BaseService.php(312): CodeIgniter\Config\Services::codeigniter()
#12 /home/u154283797/domains/reybingo.com/public_html/system/Config/BaseService.php(251): CodeIgniter\Config\BaseService::__callStatic()
#13 /home/u154283797/domains/reybingo.com/public_html/system/Config/Services.php(159): CodeIgniter\Config\BaseService::getSharedInstance()
#14 /home/u154283797/domains/reybingo.com/public_html/system/Config/BaseService.php(321): CodeIgniter\Config\Services::codeigniter()
#15 /home/u154283797/domains/reybingo.com/public_html/system/Config/BaseService.php(202): CodeIgniter\Config\BaseService::__callStatic()
#16 /home/u154283797/domains/reybingo.com/public_html/system/Common.php(998): CodeIgniter\Config\BaseService::get()
#17 /home/u154283797/domains/reybingo.com/public_html/system/Boot.php(320): service()
#18 /home/u154283797/domains/reybingo.com/public_html/system/Boot.php(66): CodeIgniter\Boot::initializeCodeIgniter()
#19 /home/u154283797/domains/reybingo.com/public_html/public/index.php(56): CodeIgniter\Boot::bootWeb()
#20 {main}

Next CodeIgniter\Database\Exceptions\DatabaseException: Too many connections in /home/u154283797/domains/reybingo.com/public_html/system/Database/MySQLi/Connection.php:231
Stack trace:
#0 /home/u154283797/domains/reybingo.com/public_html/system/Database/BaseConnection.php(421): CodeIgniter\Database\MySQLi\Connection->connect()
#1 /home/u154283797/domains/reybingo.com/public_html/system/Database/BaseConnection.php(616): CodeIgniter\Database\BaseConnection->initialize()
#2 /home/u154283797/domains/reybingo.com/public_html/system/Database/BaseBuilder.php(1644): CodeIgniter\Database\BaseConnection->query()
#3 /home/u154283797/domains/reybingo.com/public_html/app/Config/App.php(107): CodeIgniter\Database\BaseBuilder->get()
#4 /home/u154283797/domains/reybingo.com/public_html/app/Config/App.php(12): Config\App->getLanguageFromDatabase()
#5 /home/u154283797/domains/reybingo.com/public_html/system/Config/Factories.php(235): Config\App->__construct()
#6 /home/u154283797/domains/reybingo.com/public_html/system/Config/Factories.php(169): CodeIgniter\Config\Factories::createInstance()
#7 /home/u154283797/domains/reybingo.com/public_html/system/Config/Factories.php(188): CodeIgniter\Config\Factories::__callStatic()
#8 /home/u154283797/domains/reybingo.com/public_html/system/Common.php(208): CodeIgniter\Config\Factories::get()
#9 /home/u154283797/domains/reybingo.com/public_html/system/Config/Services.php(162): config()
#10 /home/u154283797/domains/reybingo.com/public_html/system/Config/BaseService.php(312): CodeIgniter\Config\Services::codeigniter()
#11 /home/u154283797/domains/reybingo.com/public_html/system/Config/BaseService.php(251): CodeIgniter\Config\BaseService::__callStatic()
#12 /home/u154283797/domains/reybingo.com/public_html/system/Config/Services.php(159): CodeIgniter\Config\BaseService::getSharedInstance()
#13 /home/u154283797/domains/reybingo.com/public_html/system/Config/BaseService.php(321): CodeIgniter\Config\Services::codeigniter()
#14 /home/u154283797/domains/reybingo.com/public_html/system/Config/BaseService.php(202): CodeIgniter\Config\BaseService::__callStatic()
#15 /home/u154283797/domains/reybingo.com/public_html/system/Common.php(998): CodeIgniter\Config\BaseService::get()
#16 /home/u154283797/domains/reybingo.com/public_html/system/Boot.php(320): service()
#17 /home/u154283797/domains/reybingo.com/public_html/system/Boot.php(66): CodeIgniter\Boot::initializeCodeIgniter()
#18 /home/u154283797/domains/reybingo.com/public_html/public/index.php(56): CodeIgniter\Boot::bootWeb()
#19 {main}
ERROR - 2026-02-07 22:41:35 --> Error connecting to the database: mysqli_sql_exception: Too many connections in /home/u154283797/domains/reybingo.com/public_html/system/Database/MySQLi/Connection.php:186
Stack trace:
#0 /home/u154283797/domains/reybingo.com/public_html/system/Database/MySQLi/Connection.php(186): mysqli->real_connect()
#1 /home/u154283797/domains/reybingo.com/public_html/system/Database/BaseConnection.php(421): CodeIgniter\Database\MySQLi\Connection->connect()
#2 /home/u154283797/domains/reybingo.com/public_html/system/Database/BaseConnection.php(616): CodeIgniter\Database\BaseConnection->initialize()
#3 /home/u154283797/domains/reybingo.com/public_html/system/Database/BaseBuilder.php(1644): CodeIgniter\Database\BaseConnection->query()
#4 /home/u154283797/domains/reybingo.com/public_html/app/Config/App.php(107): CodeIgniter\Database\BaseBuilder->get()
#5 /home/u154283797/domains/reybingo.com/public_html/app/Config/App.php(12): Config\App->getLanguageFromDatabase()
#6 /home/u154283797/domains/reybingo.com/public_html/system/Config/Factories.php(235): Config\App->__construct()
#7 /home/u154283797/domains/reybingo.com/public_html/system/Config/Factories.php(169): CodeIgniter\Config\Factories::createInstance()
#8 /home/u154283797/domains/reybingo.com/public_html/system/Config/Factories.php(188): CodeIgniter\Config\Factories::__callStatic()
#9 /home/u154283797/domains/reybingo.com/public_html/system/Common.php(208): CodeIgniter\Config\Factories::get()
#10 /home/u154283797/domains/reybingo.com/public_html/system/Config/Services.php(566): config()
#11 /home/u154283797/domains/reybingo.com/public_html/system/Config/BaseService.php(321): CodeIgniter\Config\Services::incomingrequest()
#12 /home/u154283797/domains/reybingo.com/public_html/system/Config/Services.php(528): CodeIgniter\Config\BaseService::__callStatic()
#13 /home/u154283797/domains/reybingo.com/public_html/system/Config/BaseService.php(312): CodeIgniter\Config\Services::request()
#14 /home/u154283797/domains/reybingo.com/public_html/system/Config/BaseService.php(251): CodeIgniter\Config\BaseService::__callStatic()
#15 /home/u154283797/domains/reybingo.com/public_html/system/Config/Services.php(524): CodeIgniter\Config\BaseService::getSharedInstance()
#16 /home/u154283797/domains/reybingo.com/public_html/system/Config/BaseService.php(321): CodeIgniter\Config\Services::request()
#17 /home/u154283797/domains/reybingo.com/public_html/system/Config/BaseService.php(202): CodeIgniter\Config\BaseService::__callStatic()
#18 /home/u154283797/domains/reybingo.com/public_html/system/Common.php(998): CodeIgniter\Config\BaseService::get()
#19 /home/u154283797/domains/reybingo.com/public_html/system/Debug/Exceptions.php(128): service()
#20 [internal function]: CodeIgniter\Debug\Exceptions->exceptionHandler()
#21 {main}

Next CodeIgniter\Database\Exceptions\DatabaseException: Too many connections in /home/u154283797/domains/reybingo.com/public_html/system/Database/MySQLi/Connection.php:231
Stack trace:
#0 /home/u154283797/domains/reybingo.com/public_html/system/Database/BaseConnection.php(421): CodeIgniter\Database\MySQLi\Connection->connect()
#1 /home/u154283797/domains/reybingo.com/public_html/system/Database/BaseConnection.php(616): CodeIgniter\Database\BaseConnection->initialize()
#2 /home/u154283797/domains/reybingo.com/public_html/system/Database/BaseBuilder.php(1644): CodeIgniter\Database\BaseConnection->query()
#3 /home/u154283797/domains/reybingo.com/public_html/app/Config/App.php(107): CodeIgniter\Database\BaseBuilder->get()
#4 /home/u154283797/domains/reybingo.com/public_html/app/Config/App.php(12): Config\App->getLanguageFromDatabase()
#5 /home/u154283797/domains/reybingo.com/public_html/system/Config/Factories.php(235): Config\App->__construct()
#6 /home/u154283797/domains/reybingo.com/public_html/system/Config/Factories.php(169): CodeIgniter\Config\Factories::createInstance()
#7 /home/u154283797/domains/reybingo.com/public_html/system/Config/Factories.php(188): CodeIgniter\Config\Factories::__callStatic()
#8 /home/u154283797/domains/reybingo.com/public_html/system/Common.php(208): CodeIgniter\Config\Factories::get()
#9 /home/u154283797/domains/reybingo.com/public_html/system/Config/Services.php(566): config()
#10 /home/u154283797/domains/reybingo.com/public_html/system/Config/BaseService.php(321): CodeIgniter\Config\Services::incomingrequest()
#11 /home/u154283797/domains/reybingo.com/public_html/system/Config/Services.php(528): CodeIgniter\Config\BaseService::__callStatic()
#12 /home/u154283797/domains/reybingo.com/public_html/system/Config/BaseService.php(312): CodeIgniter\Config\Services::request()
#13 /home/u154283797/domains/reybingo.com/public_html/system/Config/BaseService.php(251): CodeIgniter\Config\BaseService::__callStatic()
#14 /home/u154283797/domains/reybingo.com/public_html/system/Config/Services.php(524): CodeIgniter\Config\BaseService::getSharedInstance()
#15 /home/u154283797/domains/reybingo.com/public_html/system/Config/BaseService.php(321): CodeIgniter\Config\Services::request()
#16 /home/u154283797/domains/reybingo.com/public_html/system/Config/BaseService.php(202): CodeIgniter\Config\BaseService::__callStatic()
#17 /home/u154283797/domains/reybingo.com/public_html/system/Common.php(998): CodeIgniter\Config\BaseService::get()
#18 /home/u154283797/domains/reybingo.com/public_html/system/Debug/Exceptions.php(128): service()
#19 [internal function]: CodeIgniter\Debug\Exceptions->exceptionHandler()
#20 {main}
ERROR - 2026-02-07 22:41:35 --> Error connecting to the database: mysqli_sql_exception: Too many connections in /home/u154283797/domains/reybingo.com/public_html/system/Database/MySQLi/Connection.php:186
Stack trace:
#0 /home/u154283797/domains/reybingo.com/public_html/system/Database/MySQLi/Connection.php(186): mysqli->real_connect()
#1 /home/u154283797/domains/reybingo.com/public_html/system/Database/BaseConnection.php(421): CodeIgniter\Database\MySQLi\Connection->connect()
#2 /home/u154283797/domains/reybingo.com/public_html/system/Database/BaseConnection.php(616): CodeIgniter\Database\BaseConnection->initialize()
#3 /home/u154283797/domains/reybingo.com/public_html/system/Database/BaseBuilder.php(1644): CodeIgniter\Database\BaseConnection->query()
#4 /home/u154283797/domains/reybingo.com/public_html/app/Config/App.php(107): CodeIgniter\Database\BaseBuilder->get()
#5 /home/u154283797/domains/reybingo.com/public_html/app/Config/App.php(12): Config\App->getLanguageFromDatabase()
#6 /home/u154283797/domains/reybingo.com/public_html/system/Config/Factories.php(235): Config\App->__construct()
#7 /home/u154283797/domains/reybingo.com/public_html/system/Config/Factories.php(169): CodeIgniter\Config\Factories::createInstance()
#8 /home/u154283797/domains/reybingo.com/public_html/system/Config/Factories.php(188): CodeIgniter\Config\Factories::__callStatic()
#9 /home/u154283797/domains/reybingo.com/public_html/system/Common.php(208): CodeIgniter\Config\Factories::get()
#10 /home/u154283797/domains/reybingo.com/public_html/system/Config/Services.php(566): config()
#11 /home/u154283797/domains/reybingo.com/public_html/system/Config/BaseService.php(312): CodeIgniter\Config\Services::incomingrequest()
#12 /home/u154283797/domains/reybingo.com/public_html/system/Config/Services.php(528): CodeIgniter\Config\BaseService::__callStatic()
#13 /home/u154283797/domains/reybingo.com/public_html/system/Config/BaseService.php(312): CodeIgniter\Config\Services::request()
#14 /home/u154283797/domains/reybingo.com/public_html/system/Config/BaseService.php(251): CodeIgniter\Config\BaseService::__callStatic()
#15 /home/u154283797/domains/reybingo.com/public_html/system/Config/Services.php(524): CodeIgniter\Config\BaseService::getSharedInstance()
#16 /home/u154283797/domains/reybingo.com/public_html/system/Config/BaseService.php(312): CodeIgniter\Config\Services::request()
#17 /home/u154283797/domains/reybingo.com/public_html/system/Config/BaseService.php(202): CodeIgniter\Config\BaseService::__callStatic()
#18 /home/u154283797/domains/reybingo.com/public_html/system/Common.php(998): CodeIgniter\Config\BaseService::get()
#19 /home/u154283797/domains/reybingo.com/public_html/system/Debug/Exceptions.php(128): service()
#20 /home/u154283797/domains/reybingo.com/public_html/system/Debug/Exceptions.php(251): CodeIgniter\Debug\Exceptions->exceptionHandler()
#21 [internal function]: CodeIgniter\Debug\Exceptions->shutdownHandler()
#22 {main}

Next CodeIgniter\Database\Exceptions\DatabaseException: Too many connections in /home/u154283797/domains/reybingo.com/public_html/system/Database/MySQLi/Connection.php:231
Stack trace:
#0 /home/u154283797/domains/reybingo.com/public_html/system/Database/BaseConnection.php(421): CodeIgniter\Database\MySQLi\Connection->connect()
#1 /home/u154283797/domains/reybingo.com/public_html/system/Database/BaseConnection.php(616): CodeIgniter\Database\BaseConnection->initialize()
#2 /home/u154283797/domains/reybingo.com/public_html/system/Database/BaseBuilder.php(1644): CodeIgniter\Database\BaseConnection->query()
#3 /home/u154283797/domains/reybingo.com/public_html/app/Config/App.php(107): CodeIgniter\Database\BaseBuilder->get()
#4 /home/u154283797/domains/reybingo.com/public_html/app/Config/App.php(12): Config\App->getLanguageFromDatabase()
#5 /home/u154283797/domains/reybingo.com/public_html/system/Config/Factories.php(235): Config\App->__construct()
#6 /home/u154283797/domains/reybingo.com/public_html/system/Config/Factories.php(169): CodeIgniter\Config\Factories::createInstance()
#7 /home/u154283797/domains/reybingo.com/public_html/system/Config/Factories.php(188): CodeIgniter\Config\Factories::__callStatic()
#8 /home/u154283797/domains/reybingo.com/public_html/system/Common.php(208): CodeIgniter\Config\Factories::get()
#9 /home/u154283797/domains/reybingo.com/public_html/system/Config/Services.php(566): config()
#10 /home/u154283797/domains/reybingo.com/public_html/system/Config/BaseService.php(312): CodeIgniter\Config\Services::incomingrequest()
#11 /home/u154283797/domains/reybingo.com/public_html/system/Config/Services.php(528): CodeIgniter\Config\BaseService::__callStatic()
#12 /home/u154283797/domains/reybingo.com/public_html/system/Config/BaseService.php(312): CodeIgniter\Config\Services::request()
#13 /home/u154283797/domains/reybingo.com/public_html/system/Config/BaseService.php(251): CodeIgniter\Config\BaseService::__callStatic()
#14 /home/u154283797/domains/reybingo.com/public_html/system/Config/Services.php(524): CodeIgniter\Config\BaseService::getSharedInstance()
#15 /home/u154283797/domains/reybingo.com/public_html/system/Config/BaseService.php(312): CodeIgniter\Config\Services::request()
#16 /home/u154283797/domains/reybingo.com/public_html/system/Config/BaseService.php(202): CodeIgniter\Config\BaseService::__callStatic()
#17 /home/u154283797/domains/reybingo.com/public_html/system/Common.php(998): CodeIgniter\Config\BaseService::get()
#18 /home/u154283797/domains/reybingo.com/public_html/system/Debug/Exceptions.php(128): service()
#19 /home/u154283797/domains/reybingo.com/public_html/system/Debug/Exceptions.php(251): CodeIgniter\Debug\Exceptions->exceptionHandler()
#20 [internal function]: CodeIgniter\Debug\Exceptions->shutdownHandler()
#21 {main}
ERROR - 2026-02-07 22:41:35 --> Error connecting to the database: mysqli_sql_exception: Too many connections in /home/u154283797/domains/reybingo.com/public_html/system/Database/MySQLi/Connection.php:186
Stack trace:
#0 /home/u154283797/domains/reybingo.com/public_html/system/Database/MySQLi/Connection.php(186): mysqli->real_connect()
#1 /home/u154283797/domains/reybingo.com/public_html/system/Database/BaseConnection.php(421): CodeIgniter\Database\MySQLi\Connection->connect()
#2 /home/u154283797/domains/reybingo.com/public_html/system/Database/BaseConnection.php(616): CodeIgniter\Database\BaseConnection->initialize()
#3 /home/u154283797/domains/reybingo.com/public_html/system/Database/BaseBuilder.php(1644): CodeIgniter\Database\BaseConnection->query()
#4 /home/u154283797/domains/reybingo.com/public_html/app/Config/App.php(107): CodeIgniter\Database\BaseBuilder->get()
#5 /home/u154283797/domains/reybingo.com/public_html/app/Config/App.php(12): Config\App->getLanguageFromDatabase()
#6 /home/u154283797/domains/reybingo.com/public_html/system/Config/Factories.php(235): Config\App->__construct()
#7 /home/u154283797/domains/reybingo.com/public_html/system/Config/Factories.php(169): CodeIgniter\Config\Factories::createInstance()
#8 /home/u154283797/domains/reybingo.com/public_html/system/Config/Factories.php(188): CodeIgniter\Config\Factories::__callStatic()
#9 /home/u154283797/domains/reybingo.com/public_html/system/Common.php(208): CodeIgniter\Config\Factories::get()
#10 /home/u154283797/domains/reybingo.com/public_html/system/Config/Services.php(162): config()
#11 /home/u154283797/domains/reybingo.com/public_html/system/Config/BaseService.php(312): CodeIgniter\Config\Services::codeigniter()
#12 /home/u154283797/domains/reybingo.com/public_html/system/Config/BaseService.php(251): CodeIgniter\Config\BaseService::__callStatic()
#13 /home/u154283797/domains/reybingo.com/public_html/system/Config/Services.php(159): CodeIgniter\Config\BaseService::getSharedInstance()
#14 /home/u154283797/domains/reybingo.com/public_html/system/Config/BaseService.php(321): CodeIgniter\Config\Services::codeigniter()
#15 /home/u154283797/domains/reybingo.com/public_html/system/Config/BaseService.php(202): CodeIgniter\Config\BaseService::__callStatic()
#16 /home/u154283797/domains/reybingo.com/public_html/system/Common.php(998): CodeIgniter\Config\BaseService::get()
#17 /home/u154283797/domains/reybingo.com/public_html/system/Boot.php(320): service()
#18 /home/u154283797/domains/reybingo.com/public_html/system/Boot.php(66): CodeIgniter\Boot::initializeCodeIgniter()
#19 /home/u154283797/domains/reybingo.com/public_html/public/index.php(56): CodeIgniter\Boot::bootWeb()
#20 {main}

Next CodeIgniter\Database\Exceptions\DatabaseException: Too many connections in /home/u154283797/domains/reybingo.com/public_html/system/Database/MySQLi/Connection.php:231
Stack trace:
#0 /home/u154283797/domains/reybingo.com/public_html/system/Database/BaseConnection.php(421): CodeIgniter\Database\MySQLi\Connection->connect()
#1 /home/u154283797/domains/reybingo.com/public_html/system/Database/BaseConnection.php(616): CodeIgniter\Database\BaseConnection->initialize()
#2 /home/u154283797/domains/reybingo.com/public_html/system/Database/BaseBuilder.php(1644): CodeIgniter\Database\BaseConnection->query()
#3 /home/u154283797/domains/reybingo.com/public_html/app/Config/App.php(107): CodeIgniter\Database\BaseBuilder->get()
#4 /home/u154283797/domains/reybingo.com/public_html/app/Config/App.php(12): Config\App->getLanguageFromDatabase()
#5 /home/u154283797/domains/reybingo.com/public_html/system/Config/Factories.php(235): Config\App->__construct()
#6 /home/u154283797/domains/reybingo.com/public_html/system/Config/Factories.php(169): CodeIgniter\Config\Factories::createInstance()
#7 /home/u154283797/domains/reybingo.com/public_html/system/Config/Factories.php(188): CodeIgniter\Config\Factories::__callStatic()
#8 /home/u154283797/domains/reybingo.com/public_html/system/Common.php(208): CodeIgniter\Config\Factories::get()
#9 /home/u154283797/domains/reybingo.com/public_html/system/Config/Services.php(162): config()
#10 /home/u154283797/domains/reybingo.com/public_html/system/Config/BaseService.php(312): CodeIgniter\Config\Services::codeigniter()
#11 /home/u154283797/domains/reybingo.com/public_html/system/Config/BaseService.php(251): CodeIgniter\Config\BaseService::__callStatic()
#12 /home/u154283797/domains/reybingo.com/public_html/system/Config/Services.php(159): CodeIgniter\Config\BaseService::getSharedInstance()
#13 /home/u154283797/domains/reybingo.com/public_html/system/Config/BaseService.php(321): CodeIgniter\Config\Services::codeigniter()
#14 /home/u154283797/domains/reybingo.com/public_html/system/Config/BaseService.php(202): CodeIgniter\Config\BaseService::__callStatic()
#15 /home/u154283797/domains/reybingo.com/public_html/system/Common.php(998): CodeIgniter\Config\BaseService::get()
#16 /home/u154283797/domains/reybingo.com/public_html/system/Boot.php(320): service()
#17 /home/u154283797/domains/reybingo.com/public_html/system/Boot.php(66): CodeIgniter\Boot::initializeCodeIgniter()
#18 /home/u154283797/domains/reybingo.com/public_html/public/index.php(56): CodeIgniter\Boot::bootWeb()
#19 {main}
ERROR - 2026-02-07 22:41:35 --> Error connecting to the database: mysqli_sql_exception: Too many connections in /home/u154283797/domains/reybingo.com/public_html/system/Database/MySQLi/Connection.php:186
Stack trace:
#0 /home/u154283797/domains/reybingo.com/public_html/system/Database/MySQLi/Connection.php(186): mysqli->real_connect()
#1 /home/u154283797/domains/reybingo.com/public_html/system/Database/BaseConnection.php(421): CodeIgniter\Database\MySQLi\Connection->connect()
#2 /home/u154283797/domains/reybingo.com/public_html/system/Database/BaseConnection.php(616): CodeIgniter\Database\BaseConnection->initialize()
#3 /home/u154283797/domains/reybingo.com/public_html/system/Database/BaseBuilder.php(1644): CodeIgniter\Database\BaseConnection->query()
#4 /home/u154283797/domains/reybingo.com/public_html/app/Config/App.php(107): CodeIgniter\Database\BaseBuilder->get()
#5 /home/u154283797/domains/reybingo.com/public_html/app/Config/App.php(12): Config\App->getLanguageFromDatabase()
#6 /home/u154283797/domains/reybingo.com/public_html/system/Config/Factories.php(235): Config\App->__construct()
#7 /home/u154283797/domains/reybingo.com/public_html/system/Config/Factories.php(169): CodeIgniter\Config\Factories::createInstance()
#8 /home/u154283797/domains/reybingo.com/public_html/system/Config/Factories.php(188): CodeIgniter\Config\Factories::__callStatic()
#9 /home/u154283797/domains/reybingo.com/public_html/system/Common.php(208): CodeIgniter\Config\Factories::get()
#10 /home/u154283797/domains/reybingo.com/public_html/system/Config/Services.php(566): config()
#11 /home/u154283797/domains/reybingo.com/public_html/system/Config/BaseService.php(321): CodeIgniter\Config\Services::incomingrequest()
#12 /home/u154283797/domains/reybingo.com/public_html/system/Config/Services.php(528): CodeIgniter\Config\BaseService::__callStatic()
#13 /home/u154283797/domains/reybingo.com/public_html/system/Config/BaseService.php(312): CodeIgniter\Config\Services::request()
#14 /home/u154283797/domains/reybingo.com/public_html/system/Config/BaseService.php(251): CodeIgniter\Config\BaseService::__callStatic()
#15 /home/u154283797/domains/reybingo.com/public_html/system/Config/Services.php(524): CodeIgniter\Config\BaseService::getSharedInstance()
#16 /home/u154283797/domains/reybingo.com/public_html/system/Config/BaseService.php(321): CodeIgniter\Config\Services::request()
#17 /home/u154283797/domains/reybingo.com/public_html/system/Config/BaseService.php(202): CodeIgniter\Config\BaseService::__callStatic()
#18 /home/u154283797/domains/reybingo.com/public_html/system/Common.php(998): CodeIgniter\Config\BaseService::get()
#19 /home/u154283797/domains/reybingo.com/public_html/system/Debug/Exceptions.php(128): service()
#20 [internal function]: CodeIgniter\Debug\Exceptions->exceptionHandler()
#21 {main}

Next CodeIgniter\Database\Exceptions\DatabaseException: Too many connections in /home/u154283797/domains/reybingo.com/public_html/system/Database/MySQLi/Connection.php:231
Stack trace:
#0 /home/u154283797/domains/reybingo.com/public_html/system/Database/BaseConnection.php(421): CodeIgniter\Database\MySQLi\Connection->connect()
#1 /home/u154283797/domains/reybingo.com/public_html/system/Database/BaseConnection.php(616): CodeIgniter\Database\BaseConnection->initialize()
#2 /home/u154283797/domains/reybingo.com/public_html/system/Database/BaseBuilder.php(1644): CodeIgniter\Database\BaseConnection->query()
#3 /home/u154283797/domains/reybingo.com/public_html/app/Config/App.php(107): CodeIgniter\Database\BaseBuilder->get()
#4 /home/u154283797/domains/reybingo.com/public_html/app/Config/App.php(12): Config\App->getLanguageFromDatabase()
#5 /home/u154283797/domains/reybingo.com/public_html/system/Config/Factories.php(235): Config\App->__construct()
#6 /home/u154283797/domains/reybingo.com/public_html/system/Config/Factories.php(169): CodeIgniter\Config\Factories::createInstance()
#7 /home/u154283797/domains/reybingo.com/public_html/system/Config/Factories.php(188): CodeIgniter\Config\Factories::__callStatic()
#8 /home/u154283797/domains/reybingo.com/public_html/system/Common.php(208): CodeIgniter\Config\Factories::get()
#9 /home/u154283797/domains/reybingo.com/public_html/system/Config/Services.php(566): config()
#10 /home/u154283797/domains/reybingo.com/public_html/system/Config/BaseService.php(321): CodeIgniter\Config\Services::incomingrequest()
#11 /home/u154283797/domains/reybingo.com/public_html/system/Config/Services.php(528): CodeIgniter\Config\BaseService::__callStatic()
#12 /home/u154283797/domains/reybingo.com/public_html/system/Config/BaseService.php(312): CodeIgniter\Config\Services::request()
#13 /home/u154283797/domains/reybingo.com/public_html/system/Config/BaseService.php(251): CodeIgniter\Config\BaseService::__callStatic()
#14 /home/u154283797/domains/reybingo.com/public_html/system/Config/Services.php(524): CodeIgniter\Config\BaseService::getSharedInstance()
#15 /home/u154283797/domains/reybingo.com/public_html/system/Config/BaseService.php(321): CodeIgniter\Config\Services::request()
#16 /home/u154283797/domains/reybingo.com/public_html/system/Config/BaseService.php(202): CodeIgniter\Config\BaseService::__callStatic()
#17 /home/u154283797/domains/reybingo.com/public_html/system/Common.php(998): CodeIgniter\Config\BaseService::get()
#18 /home/u154283797/domains/reybingo.com/public_html/system/Debug/Exceptions.php(128): service()
#19 [internal function]: CodeIgniter\Debug\Exceptions->exceptionHandler()
#20 {main}
ERROR - 2026-02-07 22:41:35 --> Error connecting to the database: mysqli_sql_exception: Too many connections in /home/u154283797/domains/reybingo.com/public_html/system/Database/MySQLi/Connection.php:186
Stack trace:
#0 /home/u154283797/domains/reybingo.com/public_html/system/Database/MySQLi/Connection.php(186): mysqli->real_connect()
#1 /home/u154283797/domains/reybingo.com/public_html/system/Database/BaseConnection.php(421): CodeIgniter\Database\MySQLi\Connection->connect()
#2 /home/u154283797/domains/reybingo.com/public_html/system/Database/BaseConnection.php(616): CodeIgniter\Database\BaseConnection->initialize()
#3 /home/u154283797/domains/reybingo.com/public_html/system/Database/BaseBuilder.php(1644): CodeIgniter\Database\BaseConnection->query()
#4 /home/u154283797/domains/reybingo.com/public_html/app/Config/App.php(107): CodeIgniter\Database\BaseBuilder->get()
#5 /home/u154283797/domains/reybingo.com/public_html/app/Config/App.php(12): Config\App->getLanguageFromDatabase()
#6 /home/u154283797/domains/reybingo.com/public_html/system/Config/Factories.php(235): Config\App->__construct()
#7 /home/u154283797/domains/reybingo.com/public_html/system/Config/Factories.php(169): CodeIgniter\Config\Factories::createInstance()
#8 /home/u154283797/domains/reybingo.com/public_html/system/Config/Factories.php(188): CodeIgniter\Config\Factories::__callStatic()
#9 /home/u154283797/domains/reybingo.com/public_html/system/Common.php(208): CodeIgniter\Config\Factories::get()
#10 /home/u154283797/domains/reybingo.com/public_html/system/Config/Services.php(566): config()
#11 /home/u154283797/domains/reybingo.com/public_html/system/Config/BaseService.php(312): CodeIgniter\Config\Services::incomingrequest()
#12 /home/u154283797/domains/reybingo.com/public_html/system/Config/Services.php(528): CodeIgniter\Config\BaseService::__callStatic()
#13 /home/u154283797/domains/reybingo.com/public_html/system/Config/BaseService.php(312): CodeIgniter\Config\Services::request()
#14 /home/u154283797/domains/reybingo.com/public_html/system/Config/BaseService.php(251): CodeIgniter\Config\BaseService::__callStatic()
#15 /home/u154283797/domains/reybingo.com/public_html/system/Config/Services.php(524): CodeIgniter\Config\BaseService::getSharedInstance()
#16 /home/u154283797/domains/reybingo.com/public_html/system/Config/BaseService.php(312): CodeIgniter\Config\Services::request()
#17 /home/u154283797/domains/reybingo.com/public_html/system/Config/BaseService.php(202): CodeIgniter\Config\BaseService::__callStatic()
#18 /home/u154283797/domains/reybingo.com/public_html/system/Common.php(998): CodeIgniter\Config\BaseService::get()
#19 /home/u154283797/domains/reybingo.com/public_html/system/Debug/Exceptions.php(128): service()
#20 /home/u154283797/domains/reybingo.com/public_html/system/Debug/Exceptions.php(251): CodeIgniter\Debug\Exceptions->exceptionHandler()
#21 [internal function]: CodeIgniter\Debug\Exceptions->shutdownHandler()
#22 {main}

Next CodeIgniter\Database\Exceptions\DatabaseException: Too many connections in /home/u154283797/domains/reybingo.com/public_html/system/Database/MySQLi/Connection.php:231
Stack trace:
#0 /home/u154283797/domains/reybingo.com/public_html/system/Database/BaseConnection.php(421): CodeIgniter\Database\MySQLi\Connection->connect()
#1 /home/u154283797/domains/reybingo.com/public_html/system/Database/BaseConnection.php(616): CodeIgniter\Database\BaseConnection->initialize()
#2 /home/u154283797/domains/reybingo.com/public_html/system/Database/BaseBuilder.php(1644): CodeIgniter\Database\BaseConnection->query()
#3 /home/u154283797/domains/reybingo.com/public_html/app/Config/App.php(107): CodeIgniter\Database\BaseBuilder->get()
#4 /home/u154283797/domains/reybingo.com/public_html/app/Config/App.php(12): Config\App->getLanguageFromDatabase()
#5 /home/u154283797/domains/reybingo.com/public_html/system/Config/Factories.php(235): Config\App->__construct()
#6 /home/u154283797/domains/reybingo.com/public_html/system/Config/Factories.php(169): CodeIgniter\Config\Factories::createInstance()
#7 /home/u154283797/domains/reybingo.com/public_html/system/Config/Factories.php(188): CodeIgniter\Config\Factories::__callStatic()
#8 /home/u154283797/domains/reybingo.com/public_html/system/Common.php(208): CodeIgniter\Config\Factories::get()
#9 /home/u154283797/domains/reybingo.com/public_html/system/Config/Services.php(566): config()
#10 /home/u154283797/domains/reybingo.com/public_html/system/Config/BaseService.php(312): CodeIgniter\Config\Services::incomingrequest()
#11 /home/u154283797/domains/reybingo.com/public_html/system/Config/Services.php(528): CodeIgniter\Config\BaseService::__callStatic()
#12 /home/u154283797/domains/reybingo.com/public_html/system/Config/BaseService.php(312): CodeIgniter\Config\Services::request()
#13 /home/u154283797/domains/reybingo.com/public_html/system/Config/BaseService.php(251): CodeIgniter\Config\BaseService::__callStatic()
#14 /home/u154283797/domains/reybingo.com/public_html/system/Config/Services.php(524): CodeIgniter\Config\BaseService::getSharedInstance()
#15 /home/u154283797/domains/reybingo.com/public_html/system/Config/BaseService.php(312): CodeIgniter\Config\Services::request()
#16 /home/u154283797/domains/reybingo.com/public_html/system/Config/BaseService.php(202): CodeIgniter\Config\BaseService::__callStatic()
#17 /home/u154283797/domains/reybingo.com/public_html/system/Common.php(998): CodeIgniter\Config\BaseService::get()
#18 /home/u154283797/domains/reybingo.com/public_html/system/Debug/Exceptions.php(128): service()
#19 /home/u154283797/domains/reybingo.com/public_html/system/Debug/Exceptions.php(251): CodeIgniter\Debug\Exceptions->exceptionHandler()
#20 [internal function]: CodeIgniter\Debug\Exceptions->shutdownHandler()
#21 {main}
