CRITICAL - 2025-07-27 22:27:16 --> ErrorException: Undefined array key "amount"
[Method: GET, Route: board]
in APPPATH/Views/boards/board.php on line 253.
 1 APPPATH/Views/boards/board.php(253): CodeIgniter\Debug\Exceptions->errorHandler()
 2 SYSTEMPATH/View/View.php(234): include('/home/u353013802/domains/hubbills.com/public_html/bingo/app/Views/boards/board.php')
 3 SYSTEMPATH/View/View.php(237): CodeIgniter\View\View->CodeIgniter\View\{closure}()
 4 SYSTEMPATH/Common.php(1171): CodeIgniter\View\View->render()
 5 APPPATH/Controllers/Boards.php(167): view()
 6 SYSTEMPATH/CodeIgniter.php(933): App\Controllers\Boards->board()
 7 SYSTEMPATH/CodeIgniter.php(509): CodeIgniter\CodeIgniter->runController()
 8 SYSTEMPATH/CodeIgniter.php(355): CodeIgniter\CodeIgniter->handleRequest()
 9 SYSTEMPATH/Boot.php(334): CodeIgniter\CodeIgniter->run()
10 SYSTEMPATH/Boot.php(67): CodeIgniter\Boot::runCodeIgniter()
11 FCPATH/index.php(56): CodeIgniter\Boot::bootWeb()
CRITICAL - 2025-07-27 22:28:33 --> ErrorException: Undefined array key "amount"
[Method: GET, Route: board]
in APPPATH/Views/boards/board.php on line 253.
 1 APPPATH/Views/boards/board.php(253): CodeIgniter\Debug\Exceptions->errorHandler()
 2 SYSTEMPATH/View/View.php(234): include('/home/u353013802/domains/hubbills.com/public_html/bingo/app/Views/boards/board.php')
 3 SYSTEMPATH/View/View.php(237): CodeIgniter\View\View->CodeIgniter\View\{closure}()
 4 SYSTEMPATH/Common.php(1171): CodeIgniter\View\View->render()
 5 APPPATH/Controllers/Boards.php(166): view()
 6 SYSTEMPATH/CodeIgniter.php(933): App\Controllers\Boards->board()
 7 SYSTEMPATH/CodeIgniter.php(509): CodeIgniter\CodeIgniter->runController()
 8 SYSTEMPATH/CodeIgniter.php(355): CodeIgniter\CodeIgniter->handleRequest()
 9 SYSTEMPATH/Boot.php(334): CodeIgniter\CodeIgniter->run()
10 SYSTEMPATH/Boot.php(67): CodeIgniter\Boot::runCodeIgniter()
11 FCPATH/index.php(56): CodeIgniter\Boot::bootWeb()
CRITICAL - 2025-07-27 22:28:47 --> ErrorException: Undefined array key "amount"
[Method: GET, Route: board]
in APPPATH/Views/boards/board.php on line 253.
 1 APPPATH/Views/boards/board.php(253): CodeIgniter\Debug\Exceptions->errorHandler()
 2 SYSTEMPATH/View/View.php(234): include('/home/u353013802/domains/hubbills.com/public_html/bingo/app/Views/boards/board.php')
 3 SYSTEMPATH/View/View.php(237): CodeIgniter\View\View->CodeIgniter\View\{closure}()
 4 SYSTEMPATH/Common.php(1171): CodeIgniter\View\View->render()
 5 APPPATH/Controllers/Boards.php(167): view()
 6 SYSTEMPATH/CodeIgniter.php(933): App\Controllers\Boards->board()
 7 SYSTEMPATH/CodeIgniter.php(509): CodeIgniter\CodeIgniter->runController()
 8 SYSTEMPATH/CodeIgniter.php(355): CodeIgniter\CodeIgniter->handleRequest()
 9 SYSTEMPATH/Boot.php(334): CodeIgniter\CodeIgniter->run()
10 SYSTEMPATH/Boot.php(67): CodeIgniter\Boot::runCodeIgniter()
11 FCPATH/index.php(56): CodeIgniter\Boot::bootWeb()
CRITICAL - 2025-07-27 22:30:17 --> ErrorException: Undefined array key "amount"
[Method: GET, Route: board]
in APPPATH/Views/boards/board.php on line 253.
 1 APPPATH/Views/boards/board.php(253): CodeIgniter\Debug\Exceptions->errorHandler()
 2 SYSTEMPATH/View/View.php(234): include('/home/u353013802/domains/hubbills.com/public_html/bingo/app/Views/boards/board.php')
 3 SYSTEMPATH/View/View.php(237): CodeIgniter\View\View->CodeIgniter\View\{closure}()
 4 SYSTEMPATH/Common.php(1171): CodeIgniter\View\View->render()
 5 APPPATH/Controllers/Boards.php(166): view()
 6 SYSTEMPATH/CodeIgniter.php(933): App\Controllers\Boards->board()
 7 SYSTEMPATH/CodeIgniter.php(509): CodeIgniter\CodeIgniter->runController()
 8 SYSTEMPATH/CodeIgniter.php(355): CodeIgniter\CodeIgniter->handleRequest()
 9 SYSTEMPATH/Boot.php(334): CodeIgniter\CodeIgniter->run()
10 SYSTEMPATH/Boot.php(67): CodeIgniter\Boot::runCodeIgniter()
11 FCPATH/index.php(56): CodeIgniter\Boot::bootWeb()
