CRITICAL - 2026-04-06 01:20:36 --> ErrorException: Undefined array key "id"
[Method: GET, Route: users/userNotifications]
in APPPATH/Controllers/Users.php on line 659.
 1 APPPATH/Controllers/Users.php(659): CodeIgniter\Debug\Exceptions->errorHandler()
 2 SYSTEMPATH/CodeIgniter.php(933): App\Controllers\Users->userNotifications()
 3 SYSTEMPATH/CodeIgniter.php(509): CodeIgniter\CodeIgniter->runController()
 4 SYSTEMPATH/CodeIgniter.php(355): CodeIgniter\CodeIgniter->handleRequest()
 5 SYSTEMPATH/Boot.php(334): CodeIgniter\CodeIgniter->run()
 6 SYSTEMPATH/Boot.php(67): CodeIgniter\Boot::runCodeIgniter()
 7 FCPATH/index.php(56): CodeIgniter\Boot::bootWeb()
CRITICAL - 2026-04-06 01:20:36 --> ErrorException: Undefined array key "id"
[Method: GET, Route: users/userNotifications]
in APPPATH/Controllers/Users.php on line 659.
 1 APPPATH/Controllers/Users.php(659): CodeIgniter\Debug\Exceptions->errorHandler()
 2 SYSTEMPATH/CodeIgniter.php(933): App\Controllers\Users->userNotifications()
 3 SYSTEMPATH/CodeIgniter.php(509): CodeIgniter\CodeIgniter->runController()
 4 SYSTEMPATH/CodeIgniter.php(355): CodeIgniter\CodeIgniter->handleRequest()
 5 SYSTEMPATH/Boot.php(334): CodeIgniter\CodeIgniter->run()
 6 SYSTEMPATH/Boot.php(67): CodeIgniter\Boot::runCodeIgniter()
 7 FCPATH/index.php(56): CodeIgniter\Boot::bootWeb()
ERROR - 2026-04-06 19:15:14 --> Email: Incapaz de enviar email usando PHP SMTP. Su servidor puede no estar configurado para enviar correos usando este método.
ERROR - 2026-04-06 19:15:14 --> 220 ESMTP smtp.hostinger.com

hello: 250-smtp.hostinger.com
250-PIPELINING
250-SIZE 48811212
250-ETRN
250-AUTH PLAIN LOGIN
250-ENHANCEDSTATUSCODES
250-8BITMIME
250-DSN
250 CHUNKING

from: 250 2.1.0 Ok

to: 250 2.1.5 Ok

data: 
Se han encontrado los siguientes errores SMTP: 
quit: 
Se han encontrado los siguientes errores SMTP: 
