CRITICAL - 2025-10-16 00:42:13 --> ErrorException: Undefined array key "id"
[Method: GET, Route: users/userNotifications]
in APPPATH/Controllers/Users.php on line 659.
 1 APPPATH/Controllers/Users.php(659): CodeIgniter\Debug\Exceptions->errorHandler()
 2 SYSTEMPATH/CodeIgniter.php(933): App\Controllers\Users->userNotifications()
 3 SYSTEMPATH/CodeIgniter.php(509): CodeIgniter\CodeIgniter->runController()
 4 SYSTEMPATH/CodeIgniter.php(355): CodeIgniter\CodeIgniter->handleRequest()
 5 SYSTEMPATH/Boot.php(334): CodeIgniter\CodeIgniter->run()
 6 SYSTEMPATH/Boot.php(67): CodeIgniter\Boot::runCodeIgniter()
 7 FCPATH/index.php(56): CodeIgniter\Boot::bootWeb()
ERROR - 2025-10-16 10:21:00 --> mysqli_sql_exception: Column 'lastname' cannot be null in /home/u154283797/domains/reybingo.com/public_html/system/Database/MySQLi/Connection.php:312
Stack trace:
#0 /home/u154283797/domains/reybingo.com/public_html/system/Database/MySQLi/Connection.php(312): mysqli->query()
#1 /home/u154283797/domains/reybingo.com/public_html/system/Database/BaseConnection.php(734): CodeIgniter\Database\MySQLi\Connection->execute()
#2 /home/u154283797/domains/reybingo.com/public_html/system/Database/BaseConnection.php(648): CodeIgniter\Database\BaseConnection->simpleQuery()
#3 /home/u154283797/domains/reybingo.com/public_html/system/Database/BaseBuilder.php(2340): CodeIgniter\Database\BaseConnection->query()
#4 /home/u154283797/domains/reybingo.com/public_html/system/Model.php(394): CodeIgniter\Database\BaseBuilder->insert()
#5 /home/u154283797/domains/reybingo.com/public_html/system/BaseModel.php(839): CodeIgniter\Model->doInsert()
#6 /home/u154283797/domains/reybingo.com/public_html/system/Model.php(800): CodeIgniter\BaseModel->insert()
#7 /home/u154283797/domains/reybingo.com/public_html/app/Controllers/Signup.php(328): CodeIgniter\Model->insert()
#8 /home/u154283797/domains/reybingo.com/public_html/system/CodeIgniter.php(933): App\Controllers\Signup->signupGoogleSubmit()
#9 /home/u154283797/domains/reybingo.com/public_html/system/CodeIgniter.php(509): CodeIgniter\CodeIgniter->runController()
#10 /home/u154283797/domains/reybingo.com/public_html/system/CodeIgniter.php(355): CodeIgniter\CodeIgniter->handleRequest()
#11 /home/u154283797/domains/reybingo.com/public_html/system/Boot.php(334): CodeIgniter\CodeIgniter->run()
#12 /home/u154283797/domains/reybingo.com/public_html/system/Boot.php(67): CodeIgniter\Boot::runCodeIgniter()
#13 /home/u154283797/domains/reybingo.com/public_html/public/index.php(56): CodeIgniter\Boot::bootWeb()
#14 {main}
CRITICAL - 2025-10-16 10:21:00 --> CodeIgniter\Database\Exceptions\DatabaseException: Column 'lastname' cannot be null
[Method: GET, Route: signup/signupGoogleSubmit]
in SYSTEMPATH/Database/BaseConnection.php on line 688.
 1 SYSTEMPATH/Database/BaseBuilder.php(2340): CodeIgniter\Database\BaseConnection->query()
 2 SYSTEMPATH/Model.php(394): CodeIgniter\Database\BaseBuilder->insert()
 3 SYSTEMPATH/BaseModel.php(839): CodeIgniter\Model->doInsert()
 4 SYSTEMPATH/Model.php(800): CodeIgniter\BaseModel->insert()
 5 APPPATH/Controllers/Signup.php(328): CodeIgniter\Model->insert()
 6 SYSTEMPATH/CodeIgniter.php(933): App\Controllers\Signup->signupGoogleSubmit()
 7 SYSTEMPATH/CodeIgniter.php(509): CodeIgniter\CodeIgniter->runController()
 8 SYSTEMPATH/CodeIgniter.php(355): CodeIgniter\CodeIgniter->handleRequest()
 9 SYSTEMPATH/Boot.php(334): CodeIgniter\CodeIgniter->run()
10 SYSTEMPATH/Boot.php(67): CodeIgniter\Boot::runCodeIgniter()
11 FCPATH/index.php(56): CodeIgniter\Boot::bootWeb()
CRITICAL - 2025-10-16 10:21:00 --> [Caused by] CodeIgniter\Database\Exceptions\DatabaseException: Column 'lastname' cannot be null
in SYSTEMPATH/Database/MySQLi/Connection.php on line 317.
 1 SYSTEMPATH/Database/BaseConnection.php(734): CodeIgniter\Database\MySQLi\Connection->execute()
 2 SYSTEMPATH/Database/BaseConnection.php(648): CodeIgniter\Database\BaseConnection->simpleQuery()
 3 SYSTEMPATH/Database/BaseBuilder.php(2340): CodeIgniter\Database\BaseConnection->query()
 4 SYSTEMPATH/Model.php(394): CodeIgniter\Database\BaseBuilder->insert()
 5 SYSTEMPATH/BaseModel.php(839): CodeIgniter\Model->doInsert()
 6 SYSTEMPATH/Model.php(800): CodeIgniter\BaseModel->insert()
 7 APPPATH/Controllers/Signup.php(328): CodeIgniter\Model->insert()
 8 SYSTEMPATH/CodeIgniter.php(933): App\Controllers\Signup->signupGoogleSubmit()
 9 SYSTEMPATH/CodeIgniter.php(509): CodeIgniter\CodeIgniter->runController()
10 SYSTEMPATH/CodeIgniter.php(355): CodeIgniter\CodeIgniter->handleRequest()
11 SYSTEMPATH/Boot.php(334): CodeIgniter\CodeIgniter->run()
12 SYSTEMPATH/Boot.php(67): CodeIgniter\Boot::runCodeIgniter()
13 FCPATH/index.php(56): CodeIgniter\Boot::bootWeb()
CRITICAL - 2025-10-16 10:21:00 --> [Caused by] mysqli_sql_exception: Column 'lastname' cannot be null
in SYSTEMPATH/Database/MySQLi/Connection.php on line 312.
 1 SYSTEMPATH/Database/MySQLi/Connection.php(312): mysqli->query()
 2 SYSTEMPATH/Database/BaseConnection.php(734): CodeIgniter\Database\MySQLi\Connection->execute()
 3 SYSTEMPATH/Database/BaseConnection.php(648): CodeIgniter\Database\BaseConnection->simpleQuery()
 4 SYSTEMPATH/Database/BaseBuilder.php(2340): CodeIgniter\Database\BaseConnection->query()
 5 SYSTEMPATH/Model.php(394): CodeIgniter\Database\BaseBuilder->insert()
 6 SYSTEMPATH/BaseModel.php(839): CodeIgniter\Model->doInsert()
 7 SYSTEMPATH/Model.php(800): CodeIgniter\BaseModel->insert()
 8 APPPATH/Controllers/Signup.php(328): CodeIgniter\Model->insert()
 9 SYSTEMPATH/CodeIgniter.php(933): App\Controllers\Signup->signupGoogleSubmit()
10 SYSTEMPATH/CodeIgniter.php(509): CodeIgniter\CodeIgniter->runController()
11 SYSTEMPATH/CodeIgniter.php(355): CodeIgniter\CodeIgniter->handleRequest()
12 SYSTEMPATH/Boot.php(334): CodeIgniter\CodeIgniter->run()
13 SYSTEMPATH/Boot.php(67): CodeIgniter\Boot::runCodeIgniter()
14 FCPATH/index.php(56): CodeIgniter\Boot::bootWeb()
ERROR - 2025-10-16 12:06:57 --> mysqli_sql_exception: Column 'voucher' cannot be null in /home/u154283797/domains/reybingo.com/public_html/system/Database/MySQLi/Connection.php:312
Stack trace:
#0 /home/u154283797/domains/reybingo.com/public_html/system/Database/MySQLi/Connection.php(312): mysqli->query()
#1 /home/u154283797/domains/reybingo.com/public_html/system/Database/BaseConnection.php(734): CodeIgniter\Database\MySQLi\Connection->execute()
#2 /home/u154283797/domains/reybingo.com/public_html/system/Database/BaseConnection.php(648): CodeIgniter\Database\BaseConnection->simpleQuery()
#3 /home/u154283797/domains/reybingo.com/public_html/system/Database/BaseBuilder.php(2340): CodeIgniter\Database\BaseConnection->query()
#4 /home/u154283797/domains/reybingo.com/public_html/system/Model.php(394): CodeIgniter\Database\BaseBuilder->insert()
#5 /home/u154283797/domains/reybingo.com/public_html/system/BaseModel.php(839): CodeIgniter\Model->doInsert()
#6 /home/u154283797/domains/reybingo.com/public_html/system/Model.php(800): CodeIgniter\BaseModel->insert()
#7 /home/u154283797/domains/reybingo.com/public_html/app/Controllers/Payments.php(764): CodeIgniter\Model->insert()
#8 /home/u154283797/domains/reybingo.com/public_html/system/CodeIgniter.php(933): App\Controllers\Payments->depositSubmit()
#9 /home/u154283797/domains/reybingo.com/public_html/system/CodeIgniter.php(509): CodeIgniter\CodeIgniter->runController()
#10 /home/u154283797/domains/reybingo.com/public_html/system/CodeIgniter.php(355): CodeIgniter\CodeIgniter->handleRequest()
#11 /home/u154283797/domains/reybingo.com/public_html/system/Boot.php(334): CodeIgniter\CodeIgniter->run()
#12 /home/u154283797/domains/reybingo.com/public_html/system/Boot.php(67): CodeIgniter\Boot::runCodeIgniter()
#13 /home/u154283797/domains/reybingo.com/public_html/public/index.php(56): CodeIgniter\Boot::bootWeb()
#14 {main}
CRITICAL - 2025-10-16 12:06:57 --> CodeIgniter\Database\Exceptions\DatabaseException: Column 'voucher' cannot be null
[Method: POST, Route: payments/depositSubmit]
in SYSTEMPATH/Database/BaseConnection.php on line 688.
 1 SYSTEMPATH/Database/BaseBuilder.php(2340): CodeIgniter\Database\BaseConnection->query()
 2 SYSTEMPATH/Model.php(394): CodeIgniter\Database\BaseBuilder->insert()
 3 SYSTEMPATH/BaseModel.php(839): CodeIgniter\Model->doInsert()
 4 SYSTEMPATH/Model.php(800): CodeIgniter\BaseModel->insert()
 5 APPPATH/Controllers/Payments.php(764): CodeIgniter\Model->insert()
 6 SYSTEMPATH/CodeIgniter.php(933): App\Controllers\Payments->depositSubmit()
 7 SYSTEMPATH/CodeIgniter.php(509): CodeIgniter\CodeIgniter->runController()
 8 SYSTEMPATH/CodeIgniter.php(355): CodeIgniter\CodeIgniter->handleRequest()
 9 SYSTEMPATH/Boot.php(334): CodeIgniter\CodeIgniter->run()
10 SYSTEMPATH/Boot.php(67): CodeIgniter\Boot::runCodeIgniter()
11 FCPATH/index.php(56): CodeIgniter\Boot::bootWeb()
CRITICAL - 2025-10-16 12:06:57 --> [Caused by] CodeIgniter\Database\Exceptions\DatabaseException: Column 'voucher' cannot be null
in SYSTEMPATH/Database/MySQLi/Connection.php on line 317.
 1 SYSTEMPATH/Database/BaseConnection.php(734): CodeIgniter\Database\MySQLi\Connection->execute()
 2 SYSTEMPATH/Database/BaseConnection.php(648): CodeIgniter\Database\BaseConnection->simpleQuery()
 3 SYSTEMPATH/Database/BaseBuilder.php(2340): CodeIgniter\Database\BaseConnection->query()
 4 SYSTEMPATH/Model.php(394): CodeIgniter\Database\BaseBuilder->insert()
 5 SYSTEMPATH/BaseModel.php(839): CodeIgniter\Model->doInsert()
 6 SYSTEMPATH/Model.php(800): CodeIgniter\BaseModel->insert()
 7 APPPATH/Controllers/Payments.php(764): CodeIgniter\Model->insert()
 8 SYSTEMPATH/CodeIgniter.php(933): App\Controllers\Payments->depositSubmit()
 9 SYSTEMPATH/CodeIgniter.php(509): CodeIgniter\CodeIgniter->runController()
10 SYSTEMPATH/CodeIgniter.php(355): CodeIgniter\CodeIgniter->handleRequest()
11 SYSTEMPATH/Boot.php(334): CodeIgniter\CodeIgniter->run()
12 SYSTEMPATH/Boot.php(67): CodeIgniter\Boot::runCodeIgniter()
13 FCPATH/index.php(56): CodeIgniter\Boot::bootWeb()
CRITICAL - 2025-10-16 12:06:57 --> [Caused by] mysqli_sql_exception: Column 'voucher' cannot be null
in SYSTEMPATH/Database/MySQLi/Connection.php on line 312.
 1 SYSTEMPATH/Database/MySQLi/Connection.php(312): mysqli->query()
 2 SYSTEMPATH/Database/BaseConnection.php(734): CodeIgniter\Database\MySQLi\Connection->execute()
 3 SYSTEMPATH/Database/BaseConnection.php(648): CodeIgniter\Database\BaseConnection->simpleQuery()
 4 SYSTEMPATH/Database/BaseBuilder.php(2340): CodeIgniter\Database\BaseConnection->query()
 5 SYSTEMPATH/Model.php(394): CodeIgniter\Database\BaseBuilder->insert()
 6 SYSTEMPATH/BaseModel.php(839): CodeIgniter\Model->doInsert()
 7 SYSTEMPATH/Model.php(800): CodeIgniter\BaseModel->insert()
 8 APPPATH/Controllers/Payments.php(764): CodeIgniter\Model->insert()
 9 SYSTEMPATH/CodeIgniter.php(933): App\Controllers\Payments->depositSubmit()
10 SYSTEMPATH/CodeIgniter.php(509): CodeIgniter\CodeIgniter->runController()
11 SYSTEMPATH/CodeIgniter.php(355): CodeIgniter\CodeIgniter->handleRequest()
12 SYSTEMPATH/Boot.php(334): CodeIgniter\CodeIgniter->run()
13 SYSTEMPATH/Boot.php(67): CodeIgniter\Boot::runCodeIgniter()
14 FCPATH/index.php(56): CodeIgniter\Boot::bootWeb()
ERROR - 2025-10-16 12:07:12 --> mysqli_sql_exception: Column 'voucher' cannot be null in /home/u154283797/domains/reybingo.com/public_html/system/Database/MySQLi/Connection.php:312
Stack trace:
#0 /home/u154283797/domains/reybingo.com/public_html/system/Database/MySQLi/Connection.php(312): mysqli->query()
#1 /home/u154283797/domains/reybingo.com/public_html/system/Database/BaseConnection.php(734): CodeIgniter\Database\MySQLi\Connection->execute()
#2 /home/u154283797/domains/reybingo.com/public_html/system/Database/BaseConnection.php(648): CodeIgniter\Database\BaseConnection->simpleQuery()
#3 /home/u154283797/domains/reybingo.com/public_html/system/Database/BaseBuilder.php(2340): CodeIgniter\Database\BaseConnection->query()
#4 /home/u154283797/domains/reybingo.com/public_html/system/Model.php(394): CodeIgniter\Database\BaseBuilder->insert()
#5 /home/u154283797/domains/reybingo.com/public_html/system/BaseModel.php(839): CodeIgniter\Model->doInsert()
#6 /home/u154283797/domains/reybingo.com/public_html/system/Model.php(800): CodeIgniter\BaseModel->insert()
#7 /home/u154283797/domains/reybingo.com/public_html/app/Controllers/Payments.php(764): CodeIgniter\Model->insert()
#8 /home/u154283797/domains/reybingo.com/public_html/system/CodeIgniter.php(933): App\Controllers\Payments->depositSubmit()
#9 /home/u154283797/domains/reybingo.com/public_html/system/CodeIgniter.php(509): CodeIgniter\CodeIgniter->runController()
#10 /home/u154283797/domains/reybingo.com/public_html/system/CodeIgniter.php(355): CodeIgniter\CodeIgniter->handleRequest()
#11 /home/u154283797/domains/reybingo.com/public_html/system/Boot.php(334): CodeIgniter\CodeIgniter->run()
#12 /home/u154283797/domains/reybingo.com/public_html/system/Boot.php(67): CodeIgniter\Boot::runCodeIgniter()
#13 /home/u154283797/domains/reybingo.com/public_html/public/index.php(56): CodeIgniter\Boot::bootWeb()
#14 {main}
CRITICAL - 2025-10-16 12:07:12 --> CodeIgniter\Database\Exceptions\DatabaseException: Column 'voucher' cannot be null
[Method: POST, Route: payments/depositSubmit]
in SYSTEMPATH/Database/BaseConnection.php on line 688.
 1 SYSTEMPATH/Database/BaseBuilder.php(2340): CodeIgniter\Database\BaseConnection->query()
 2 SYSTEMPATH/Model.php(394): CodeIgniter\Database\BaseBuilder->insert()
 3 SYSTEMPATH/BaseModel.php(839): CodeIgniter\Model->doInsert()
 4 SYSTEMPATH/Model.php(800): CodeIgniter\BaseModel->insert()
 5 APPPATH/Controllers/Payments.php(764): CodeIgniter\Model->insert()
 6 SYSTEMPATH/CodeIgniter.php(933): App\Controllers\Payments->depositSubmit()
 7 SYSTEMPATH/CodeIgniter.php(509): CodeIgniter\CodeIgniter->runController()
 8 SYSTEMPATH/CodeIgniter.php(355): CodeIgniter\CodeIgniter->handleRequest()
 9 SYSTEMPATH/Boot.php(334): CodeIgniter\CodeIgniter->run()
10 SYSTEMPATH/Boot.php(67): CodeIgniter\Boot::runCodeIgniter()
11 FCPATH/index.php(56): CodeIgniter\Boot::bootWeb()
CRITICAL - 2025-10-16 12:07:12 --> [Caused by] CodeIgniter\Database\Exceptions\DatabaseException: Column 'voucher' cannot be null
in SYSTEMPATH/Database/MySQLi/Connection.php on line 317.
 1 SYSTEMPATH/Database/BaseConnection.php(734): CodeIgniter\Database\MySQLi\Connection->execute()
 2 SYSTEMPATH/Database/BaseConnection.php(648): CodeIgniter\Database\BaseConnection->simpleQuery()
 3 SYSTEMPATH/Database/BaseBuilder.php(2340): CodeIgniter\Database\BaseConnection->query()
 4 SYSTEMPATH/Model.php(394): CodeIgniter\Database\BaseBuilder->insert()
 5 SYSTEMPATH/BaseModel.php(839): CodeIgniter\Model->doInsert()
 6 SYSTEMPATH/Model.php(800): CodeIgniter\BaseModel->insert()
 7 APPPATH/Controllers/Payments.php(764): CodeIgniter\Model->insert()
 8 SYSTEMPATH/CodeIgniter.php(933): App\Controllers\Payments->depositSubmit()
 9 SYSTEMPATH/CodeIgniter.php(509): CodeIgniter\CodeIgniter->runController()
10 SYSTEMPATH/CodeIgniter.php(355): CodeIgniter\CodeIgniter->handleRequest()
11 SYSTEMPATH/Boot.php(334): CodeIgniter\CodeIgniter->run()
12 SYSTEMPATH/Boot.php(67): CodeIgniter\Boot::runCodeIgniter()
13 FCPATH/index.php(56): CodeIgniter\Boot::bootWeb()
CRITICAL - 2025-10-16 12:07:12 --> [Caused by] mysqli_sql_exception: Column 'voucher' cannot be null
in SYSTEMPATH/Database/MySQLi/Connection.php on line 312.
 1 SYSTEMPATH/Database/MySQLi/Connection.php(312): mysqli->query()
 2 SYSTEMPATH/Database/BaseConnection.php(734): CodeIgniter\Database\MySQLi\Connection->execute()
 3 SYSTEMPATH/Database/BaseConnection.php(648): CodeIgniter\Database\BaseConnection->simpleQuery()
 4 SYSTEMPATH/Database/BaseBuilder.php(2340): CodeIgniter\Database\BaseConnection->query()
 5 SYSTEMPATH/Model.php(394): CodeIgniter\Database\BaseBuilder->insert()
 6 SYSTEMPATH/BaseModel.php(839): CodeIgniter\Model->doInsert()
 7 SYSTEMPATH/Model.php(800): CodeIgniter\BaseModel->insert()
 8 APPPATH/Controllers/Payments.php(764): CodeIgniter\Model->insert()
 9 SYSTEMPATH/CodeIgniter.php(933): App\Controllers\Payments->depositSubmit()
10 SYSTEMPATH/CodeIgniter.php(509): CodeIgniter\CodeIgniter->runController()
11 SYSTEMPATH/CodeIgniter.php(355): CodeIgniter\CodeIgniter->handleRequest()
12 SYSTEMPATH/Boot.php(334): CodeIgniter\CodeIgniter->run()
13 SYSTEMPATH/Boot.php(67): CodeIgniter\Boot::runCodeIgniter()
14 FCPATH/index.php(56): CodeIgniter\Boot::bootWeb()
ERROR - 2025-10-16 12:09:22 --> mysqli_sql_exception: Column 'voucher' cannot be null in /home/u154283797/domains/reybingo.com/public_html/system/Database/MySQLi/Connection.php:312
Stack trace:
#0 /home/u154283797/domains/reybingo.com/public_html/system/Database/MySQLi/Connection.php(312): mysqli->query()
#1 /home/u154283797/domains/reybingo.com/public_html/system/Database/BaseConnection.php(734): CodeIgniter\Database\MySQLi\Connection->execute()
#2 /home/u154283797/domains/reybingo.com/public_html/system/Database/BaseConnection.php(648): CodeIgniter\Database\BaseConnection->simpleQuery()
#3 /home/u154283797/domains/reybingo.com/public_html/system/Database/BaseBuilder.php(2340): CodeIgniter\Database\BaseConnection->query()
#4 /home/u154283797/domains/reybingo.com/public_html/system/Model.php(394): CodeIgniter\Database\BaseBuilder->insert()
#5 /home/u154283797/domains/reybingo.com/public_html/system/BaseModel.php(839): CodeIgniter\Model->doInsert()
#6 /home/u154283797/domains/reybingo.com/public_html/system/Model.php(800): CodeIgniter\BaseModel->insert()
#7 /home/u154283797/domains/reybingo.com/public_html/app/Controllers/Payments.php(764): CodeIgniter\Model->insert()
#8 /home/u154283797/domains/reybingo.com/public_html/system/CodeIgniter.php(933): App\Controllers\Payments->depositSubmit()
#9 /home/u154283797/domains/reybingo.com/public_html/system/CodeIgniter.php(509): CodeIgniter\CodeIgniter->runController()
#10 /home/u154283797/domains/reybingo.com/public_html/system/CodeIgniter.php(355): CodeIgniter\CodeIgniter->handleRequest()
#11 /home/u154283797/domains/reybingo.com/public_html/system/Boot.php(334): CodeIgniter\CodeIgniter->run()
#12 /home/u154283797/domains/reybingo.com/public_html/system/Boot.php(67): CodeIgniter\Boot::runCodeIgniter()
#13 /home/u154283797/domains/reybingo.com/public_html/public/index.php(56): CodeIgniter\Boot::bootWeb()
#14 {main}
CRITICAL - 2025-10-16 12:09:22 --> CodeIgniter\Database\Exceptions\DatabaseException: Column 'voucher' cannot be null
[Method: POST, Route: payments/depositSubmit]
in SYSTEMPATH/Database/BaseConnection.php on line 688.
 1 SYSTEMPATH/Database/BaseBuilder.php(2340): CodeIgniter\Database\BaseConnection->query()
 2 SYSTEMPATH/Model.php(394): CodeIgniter\Database\BaseBuilder->insert()
 3 SYSTEMPATH/BaseModel.php(839): CodeIgniter\Model->doInsert()
 4 SYSTEMPATH/Model.php(800): CodeIgniter\BaseModel->insert()
 5 APPPATH/Controllers/Payments.php(764): CodeIgniter\Model->insert()
 6 SYSTEMPATH/CodeIgniter.php(933): App\Controllers\Payments->depositSubmit()
 7 SYSTEMPATH/CodeIgniter.php(509): CodeIgniter\CodeIgniter->runController()
 8 SYSTEMPATH/CodeIgniter.php(355): CodeIgniter\CodeIgniter->handleRequest()
 9 SYSTEMPATH/Boot.php(334): CodeIgniter\CodeIgniter->run()
10 SYSTEMPATH/Boot.php(67): CodeIgniter\Boot::runCodeIgniter()
11 FCPATH/index.php(56): CodeIgniter\Boot::bootWeb()
CRITICAL - 2025-10-16 12:09:22 --> [Caused by] CodeIgniter\Database\Exceptions\DatabaseException: Column 'voucher' cannot be null
in SYSTEMPATH/Database/MySQLi/Connection.php on line 317.
 1 SYSTEMPATH/Database/BaseConnection.php(734): CodeIgniter\Database\MySQLi\Connection->execute()
 2 SYSTEMPATH/Database/BaseConnection.php(648): CodeIgniter\Database\BaseConnection->simpleQuery()
 3 SYSTEMPATH/Database/BaseBuilder.php(2340): CodeIgniter\Database\BaseConnection->query()
 4 SYSTEMPATH/Model.php(394): CodeIgniter\Database\BaseBuilder->insert()
 5 SYSTEMPATH/BaseModel.php(839): CodeIgniter\Model->doInsert()
 6 SYSTEMPATH/Model.php(800): CodeIgniter\BaseModel->insert()
 7 APPPATH/Controllers/Payments.php(764): CodeIgniter\Model->insert()
 8 SYSTEMPATH/CodeIgniter.php(933): App\Controllers\Payments->depositSubmit()
 9 SYSTEMPATH/CodeIgniter.php(509): CodeIgniter\CodeIgniter->runController()
10 SYSTEMPATH/CodeIgniter.php(355): CodeIgniter\CodeIgniter->handleRequest()
11 SYSTEMPATH/Boot.php(334): CodeIgniter\CodeIgniter->run()
12 SYSTEMPATH/Boot.php(67): CodeIgniter\Boot::runCodeIgniter()
13 FCPATH/index.php(56): CodeIgniter\Boot::bootWeb()
CRITICAL - 2025-10-16 12:09:22 --> [Caused by] mysqli_sql_exception: Column 'voucher' cannot be null
in SYSTEMPATH/Database/MySQLi/Connection.php on line 312.
 1 SYSTEMPATH/Database/MySQLi/Connection.php(312): mysqli->query()
 2 SYSTEMPATH/Database/BaseConnection.php(734): CodeIgniter\Database\MySQLi\Connection->execute()
 3 SYSTEMPATH/Database/BaseConnection.php(648): CodeIgniter\Database\BaseConnection->simpleQuery()
 4 SYSTEMPATH/Database/BaseBuilder.php(2340): CodeIgniter\Database\BaseConnection->query()
 5 SYSTEMPATH/Model.php(394): CodeIgniter\Database\BaseBuilder->insert()
 6 SYSTEMPATH/BaseModel.php(839): CodeIgniter\Model->doInsert()
 7 SYSTEMPATH/Model.php(800): CodeIgniter\BaseModel->insert()
 8 APPPATH/Controllers/Payments.php(764): CodeIgniter\Model->insert()
 9 SYSTEMPATH/CodeIgniter.php(933): App\Controllers\Payments->depositSubmit()
10 SYSTEMPATH/CodeIgniter.php(509): CodeIgniter\CodeIgniter->runController()
11 SYSTEMPATH/CodeIgniter.php(355): CodeIgniter\CodeIgniter->handleRequest()
12 SYSTEMPATH/Boot.php(334): CodeIgniter\CodeIgniter->run()
13 SYSTEMPATH/Boot.php(67): CodeIgniter\Boot::runCodeIgniter()
14 FCPATH/index.php(56): CodeIgniter\Boot::bootWeb()
ERROR - 2025-10-16 12:09:25 --> mysqli_sql_exception: Column 'voucher' cannot be null in /home/u154283797/domains/reybingo.com/public_html/system/Database/MySQLi/Connection.php:312
Stack trace:
#0 /home/u154283797/domains/reybingo.com/public_html/system/Database/MySQLi/Connection.php(312): mysqli->query()
#1 /home/u154283797/domains/reybingo.com/public_html/system/Database/BaseConnection.php(734): CodeIgniter\Database\MySQLi\Connection->execute()
#2 /home/u154283797/domains/reybingo.com/public_html/system/Database/BaseConnection.php(648): CodeIgniter\Database\BaseConnection->simpleQuery()
#3 /home/u154283797/domains/reybingo.com/public_html/system/Database/BaseBuilder.php(2340): CodeIgniter\Database\BaseConnection->query()
#4 /home/u154283797/domains/reybingo.com/public_html/system/Model.php(394): CodeIgniter\Database\BaseBuilder->insert()
#5 /home/u154283797/domains/reybingo.com/public_html/system/BaseModel.php(839): CodeIgniter\Model->doInsert()
#6 /home/u154283797/domains/reybingo.com/public_html/system/Model.php(800): CodeIgniter\BaseModel->insert()
#7 /home/u154283797/domains/reybingo.com/public_html/app/Controllers/Payments.php(764): CodeIgniter\Model->insert()
#8 /home/u154283797/domains/reybingo.com/public_html/system/CodeIgniter.php(933): App\Controllers\Payments->depositSubmit()
#9 /home/u154283797/domains/reybingo.com/public_html/system/CodeIgniter.php(509): CodeIgniter\CodeIgniter->runController()
#10 /home/u154283797/domains/reybingo.com/public_html/system/CodeIgniter.php(355): CodeIgniter\CodeIgniter->handleRequest()
#11 /home/u154283797/domains/reybingo.com/public_html/system/Boot.php(334): CodeIgniter\CodeIgniter->run()
#12 /home/u154283797/domains/reybingo.com/public_html/system/Boot.php(67): CodeIgniter\Boot::runCodeIgniter()
#13 /home/u154283797/domains/reybingo.com/public_html/public/index.php(56): CodeIgniter\Boot::bootWeb()
#14 {main}
CRITICAL - 2025-10-16 12:09:25 --> CodeIgniter\Database\Exceptions\DatabaseException: Column 'voucher' cannot be null
[Method: POST, Route: payments/depositSubmit]
in SYSTEMPATH/Database/BaseConnection.php on line 688.
 1 SYSTEMPATH/Database/BaseBuilder.php(2340): CodeIgniter\Database\BaseConnection->query()
 2 SYSTEMPATH/Model.php(394): CodeIgniter\Database\BaseBuilder->insert()
 3 SYSTEMPATH/BaseModel.php(839): CodeIgniter\Model->doInsert()
 4 SYSTEMPATH/Model.php(800): CodeIgniter\BaseModel->insert()
 5 APPPATH/Controllers/Payments.php(764): CodeIgniter\Model->insert()
 6 SYSTEMPATH/CodeIgniter.php(933): App\Controllers\Payments->depositSubmit()
 7 SYSTEMPATH/CodeIgniter.php(509): CodeIgniter\CodeIgniter->runController()
 8 SYSTEMPATH/CodeIgniter.php(355): CodeIgniter\CodeIgniter->handleRequest()
 9 SYSTEMPATH/Boot.php(334): CodeIgniter\CodeIgniter->run()
10 SYSTEMPATH/Boot.php(67): CodeIgniter\Boot::runCodeIgniter()
11 FCPATH/index.php(56): CodeIgniter\Boot::bootWeb()
CRITICAL - 2025-10-16 12:09:25 --> [Caused by] CodeIgniter\Database\Exceptions\DatabaseException: Column 'voucher' cannot be null
in SYSTEMPATH/Database/MySQLi/Connection.php on line 317.
 1 SYSTEMPATH/Database/BaseConnection.php(734): CodeIgniter\Database\MySQLi\Connection->execute()
 2 SYSTEMPATH/Database/BaseConnection.php(648): CodeIgniter\Database\BaseConnection->simpleQuery()
 3 SYSTEMPATH/Database/BaseBuilder.php(2340): CodeIgniter\Database\BaseConnection->query()
 4 SYSTEMPATH/Model.php(394): CodeIgniter\Database\BaseBuilder->insert()
 5 SYSTEMPATH/BaseModel.php(839): CodeIgniter\Model->doInsert()
 6 SYSTEMPATH/Model.php(800): CodeIgniter\BaseModel->insert()
 7 APPPATH/Controllers/Payments.php(764): CodeIgniter\Model->insert()
 8 SYSTEMPATH/CodeIgniter.php(933): App\Controllers\Payments->depositSubmit()
 9 SYSTEMPATH/CodeIgniter.php(509): CodeIgniter\CodeIgniter->runController()
10 SYSTEMPATH/CodeIgniter.php(355): CodeIgniter\CodeIgniter->handleRequest()
11 SYSTEMPATH/Boot.php(334): CodeIgniter\CodeIgniter->run()
12 SYSTEMPATH/Boot.php(67): CodeIgniter\Boot::runCodeIgniter()
13 FCPATH/index.php(56): CodeIgniter\Boot::bootWeb()
CRITICAL - 2025-10-16 12:09:25 --> [Caused by] mysqli_sql_exception: Column 'voucher' cannot be null
in SYSTEMPATH/Database/MySQLi/Connection.php on line 312.
 1 SYSTEMPATH/Database/MySQLi/Connection.php(312): mysqli->query()
 2 SYSTEMPATH/Database/BaseConnection.php(734): CodeIgniter\Database\MySQLi\Connection->execute()
 3 SYSTEMPATH/Database/BaseConnection.php(648): CodeIgniter\Database\BaseConnection->simpleQuery()
 4 SYSTEMPATH/Database/BaseBuilder.php(2340): CodeIgniter\Database\BaseConnection->query()
 5 SYSTEMPATH/Model.php(394): CodeIgniter\Database\BaseBuilder->insert()
 6 SYSTEMPATH/BaseModel.php(839): CodeIgniter\Model->doInsert()
 7 SYSTEMPATH/Model.php(800): CodeIgniter\BaseModel->insert()
 8 APPPATH/Controllers/Payments.php(764): CodeIgniter\Model->insert()
 9 SYSTEMPATH/CodeIgniter.php(933): App\Controllers\Payments->depositSubmit()
10 SYSTEMPATH/CodeIgniter.php(509): CodeIgniter\CodeIgniter->runController()
11 SYSTEMPATH/CodeIgniter.php(355): CodeIgniter\CodeIgniter->handleRequest()
12 SYSTEMPATH/Boot.php(334): CodeIgniter\CodeIgniter->run()
13 SYSTEMPATH/Boot.php(67): CodeIgniter\Boot::runCodeIgniter()
14 FCPATH/index.php(56): CodeIgniter\Boot::bootWeb()
CRITICAL - 2025-10-16 12:24:33 --> ErrorException: Undefined array key "id"
[Method: GET, Route: users/userNotifications]
in APPPATH/Controllers/Users.php on line 659.
 1 APPPATH/Controllers/Users.php(659): CodeIgniter\Debug\Exceptions->errorHandler()
 2 SYSTEMPATH/CodeIgniter.php(933): App\Controllers\Users->userNotifications()
 3 SYSTEMPATH/CodeIgniter.php(509): CodeIgniter\CodeIgniter->runController()
 4 SYSTEMPATH/CodeIgniter.php(355): CodeIgniter\CodeIgniter->handleRequest()
 5 SYSTEMPATH/Boot.php(334): CodeIgniter\CodeIgniter->run()
 6 SYSTEMPATH/Boot.php(67): CodeIgniter\Boot::runCodeIgniter()
 7 FCPATH/index.php(56): CodeIgniter\Boot::bootWeb()
ERROR - 2025-10-16 22:16:01 --> Error connecting to the database: mysqli_sql_exception: Too many connections in /home/u154283797/domains/reybingo.com/public_html/system/Database/MySQLi/Connection.php:186
Stack trace:
#0 /home/u154283797/domains/reybingo.com/public_html/system/Database/MySQLi/Connection.php(186): mysqli->real_connect()
#1 /home/u154283797/domains/reybingo.com/public_html/system/Database/BaseConnection.php(421): CodeIgniter\Database\MySQLi\Connection->connect()
#2 /home/u154283797/domains/reybingo.com/public_html/system/Database/BaseConnection.php(616): CodeIgniter\Database\BaseConnection->initialize()
#3 /home/u154283797/domains/reybingo.com/public_html/system/Database/BaseBuilder.php(1644): CodeIgniter\Database\BaseConnection->query()
#4 /home/u154283797/domains/reybingo.com/public_html/app/Config/App.php(107): CodeIgniter\Database\BaseBuilder->get()
#5 /home/u154283797/domains/reybingo.com/public_html/app/Config/App.php(12): Config\App->getLanguageFromDatabase()
#6 /home/u154283797/domains/reybingo.com/public_html/system/Config/Factories.php(235): Config\App->__construct()
#7 /home/u154283797/domains/reybingo.com/public_html/system/Config/Factories.php(169): CodeIgniter\Config\Factories::createInstance()
#8 /home/u154283797/domains/reybingo.com/public_html/system/Config/Factories.php(188): CodeIgniter\Config\Factories::__callStatic()
#9 /home/u154283797/domains/reybingo.com/public_html/system/Common.php(208): CodeIgniter\Config\Factories::get()
#10 /home/u154283797/domains/reybingo.com/public_html/system/Config/Services.php(162): config()
#11 /home/u154283797/domains/reybingo.com/public_html/system/Config/BaseService.php(312): CodeIgniter\Config\Services::codeigniter()
#12 /home/u154283797/domains/reybingo.com/public_html/system/Config/BaseService.php(251): CodeIgniter\Config\BaseService::__callStatic()
#13 /home/u154283797/domains/reybingo.com/public_html/system/Config/Services.php(159): CodeIgniter\Config\BaseService::getSharedInstance()
#14 /home/u154283797/domains/reybingo.com/public_html/system/Config/BaseService.php(321): CodeIgniter\Config\Services::codeigniter()
#15 /home/u154283797/domains/reybingo.com/public_html/system/Config/BaseService.php(202): CodeIgniter\Config\BaseService::__callStatic()
#16 /home/u154283797/domains/reybingo.com/public_html/system/Common.php(998): CodeIgniter\Config\BaseService::get()
#17 /home/u154283797/domains/reybingo.com/public_html/system/Boot.php(320): service()
#18 /home/u154283797/domains/reybingo.com/public_html/system/Boot.php(66): CodeIgniter\Boot::initializeCodeIgniter()
#19 /home/u154283797/domains/reybingo.com/public_html/public/index.php(56): CodeIgniter\Boot::bootWeb()
#20 {main}

Next CodeIgniter\Database\Exceptions\DatabaseException: Too many connections in /home/u154283797/domains/reybingo.com/public_html/system/Database/MySQLi/Connection.php:231
Stack trace:
#0 /home/u154283797/domains/reybingo.com/public_html/system/Database/BaseConnection.php(421): CodeIgniter\Database\MySQLi\Connection->connect()
#1 /home/u154283797/domains/reybingo.com/public_html/system/Database/BaseConnection.php(616): CodeIgniter\Database\BaseConnection->initialize()
#2 /home/u154283797/domains/reybingo.com/public_html/system/Database/BaseBuilder.php(1644): CodeIgniter\Database\BaseConnection->query()
#3 /home/u154283797/domains/reybingo.com/public_html/app/Config/App.php(107): CodeIgniter\Database\BaseBuilder->get()
#4 /home/u154283797/domains/reybingo.com/public_html/app/Config/App.php(12): Config\App->getLanguageFromDatabase()
#5 /home/u154283797/domains/reybingo.com/public_html/system/Config/Factories.php(235): Config\App->__construct()
#6 /home/u154283797/domains/reybingo.com/public_html/system/Config/Factories.php(169): CodeIgniter\Config\Factories::createInstance()
#7 /home/u154283797/domains/reybingo.com/public_html/system/Config/Factories.php(188): CodeIgniter\Config\Factories::__callStatic()
#8 /home/u154283797/domains/reybingo.com/public_html/system/Common.php(208): CodeIgniter\Config\Factories::get()
#9 /home/u154283797/domains/reybingo.com/public_html/system/Config/Services.php(162): config()
#10 /home/u154283797/domains/reybingo.com/public_html/system/Config/BaseService.php(312): CodeIgniter\Config\Services::codeigniter()
#11 /home/u154283797/domains/reybingo.com/public_html/system/Config/BaseService.php(251): CodeIgniter\Config\BaseService::__callStatic()
#12 /home/u154283797/domains/reybingo.com/public_html/system/Config/Services.php(159): CodeIgniter\Config\BaseService::getSharedInstance()
#13 /home/u154283797/domains/reybingo.com/public_html/system/Config/BaseService.php(321): CodeIgniter\Config\Services::codeigniter()
#14 /home/u154283797/domains/reybingo.com/public_html/system/Config/BaseService.php(202): CodeIgniter\Config\BaseService::__callStatic()
#15 /home/u154283797/domains/reybingo.com/public_html/system/Common.php(998): CodeIgniter\Config\BaseService::get()
#16 /home/u154283797/domains/reybingo.com/public_html/system/Boot.php(320): service()
#17 /home/u154283797/domains/reybingo.com/public_html/system/Boot.php(66): CodeIgniter\Boot::initializeCodeIgniter()
#18 /home/u154283797/domains/reybingo.com/public_html/public/index.php(56): CodeIgniter\Boot::bootWeb()
#19 {main}
ERROR - 2025-10-16 22:16:01 --> Error connecting to the database: mysqli_sql_exception: Too many connections in /home/u154283797/domains/reybingo.com/public_html/system/Database/MySQLi/Connection.php:186
Stack trace:
#0 /home/u154283797/domains/reybingo.com/public_html/system/Database/MySQLi/Connection.php(186): mysqli->real_connect()
#1 /home/u154283797/domains/reybingo.com/public_html/system/Database/BaseConnection.php(421): CodeIgniter\Database\MySQLi\Connection->connect()
#2 /home/u154283797/domains/reybingo.com/public_html/system/Database/BaseConnection.php(616): CodeIgniter\Database\BaseConnection->initialize()
#3 /home/u154283797/domains/reybingo.com/public_html/system/Database/BaseBuilder.php(1644): CodeIgniter\Database\BaseConnection->query()
#4 /home/u154283797/domains/reybingo.com/public_html/app/Config/App.php(107): CodeIgniter\Database\BaseBuilder->get()
#5 /home/u154283797/domains/reybingo.com/public_html/app/Config/App.php(12): Config\App->getLanguageFromDatabase()
#6 /home/u154283797/domains/reybingo.com/public_html/system/Config/Factories.php(235): Config\App->__construct()
#7 /home/u154283797/domains/reybingo.com/public_html/system/Config/Factories.php(169): CodeIgniter\Config\Factories::createInstance()
#8 /home/u154283797/domains/reybingo.com/public_html/system/Config/Factories.php(188): CodeIgniter\Config\Factories::__callStatic()
#9 /home/u154283797/domains/reybingo.com/public_html/system/Common.php(208): CodeIgniter\Config\Factories::get()
#10 /home/u154283797/domains/reybingo.com/public_html/system/Config/Services.php(566): config()
#11 /home/u154283797/domains/reybingo.com/public_html/system/Config/BaseService.php(321): CodeIgniter\Config\Services::incomingrequest()
#12 /home/u154283797/domains/reybingo.com/public_html/system/Config/Services.php(528): CodeIgniter\Config\BaseService::__callStatic()
#13 /home/u154283797/domains/reybingo.com/public_html/system/Config/BaseService.php(312): CodeIgniter\Config\Services::request()
#14 /home/u154283797/domains/reybingo.com/public_html/system/Config/BaseService.php(251): CodeIgniter\Config\BaseService::__callStatic()
#15 /home/u154283797/domains/reybingo.com/public_html/system/Config/Services.php(524): CodeIgniter\Config\BaseService::getSharedInstance()
#16 /home/u154283797/domains/reybingo.com/public_html/system/Config/BaseService.php(321): CodeIgniter\Config\Services::request()
#17 /home/u154283797/domains/reybingo.com/public_html/system/Config/BaseService.php(202): CodeIgniter\Config\BaseService::__callStatic()
#18 /home/u154283797/domains/reybingo.com/public_html/system/Common.php(998): CodeIgniter\Config\BaseService::get()
#19 /home/u154283797/domains/reybingo.com/public_html/system/Debug/Exceptions.php(128): service()
#20 [internal function]: CodeIgniter\Debug\Exceptions->exceptionHandler()
#21 {main}

Next CodeIgniter\Database\Exceptions\DatabaseException: Too many connections in /home/u154283797/domains/reybingo.com/public_html/system/Database/MySQLi/Connection.php:231
Stack trace:
#0 /home/u154283797/domains/reybingo.com/public_html/system/Database/BaseConnection.php(421): CodeIgniter\Database\MySQLi\Connection->connect()
#1 /home/u154283797/domains/reybingo.com/public_html/system/Database/BaseConnection.php(616): CodeIgniter\Database\BaseConnection->initialize()
#2 /home/u154283797/domains/reybingo.com/public_html/system/Database/BaseBuilder.php(1644): CodeIgniter\Database\BaseConnection->query()
#3 /home/u154283797/domains/reybingo.com/public_html/app/Config/App.php(107): CodeIgniter\Database\BaseBuilder->get()
#4 /home/u154283797/domains/reybingo.com/public_html/app/Config/App.php(12): Config\App->getLanguageFromDatabase()
#5 /home/u154283797/domains/reybingo.com/public_html/system/Config/Factories.php(235): Config\App->__construct()
#6 /home/u154283797/domains/reybingo.com/public_html/system/Config/Factories.php(169): CodeIgniter\Config\Factories::createInstance()
#7 /home/u154283797/domains/reybingo.com/public_html/system/Config/Factories.php(188): CodeIgniter\Config\Factories::__callStatic()
#8 /home/u154283797/domains/reybingo.com/public_html/system/Common.php(208): CodeIgniter\Config\Factories::get()
#9 /home/u154283797/domains/reybingo.com/public_html/system/Config/Services.php(566): config()
#10 /home/u154283797/domains/reybingo.com/public_html/system/Config/BaseService.php(321): CodeIgniter\Config\Services::incomingrequest()
#11 /home/u154283797/domains/reybingo.com/public_html/system/Config/Services.php(528): CodeIgniter\Config\BaseService::__callStatic()
#12 /home/u154283797/domains/reybingo.com/public_html/system/Config/BaseService.php(312): CodeIgniter\Config\Services::request()
#13 /home/u154283797/domains/reybingo.com/public_html/system/Config/BaseService.php(251): CodeIgniter\Config\BaseService::__callStatic()
#14 /home/u154283797/domains/reybingo.com/public_html/system/Config/Services.php(524): CodeIgniter\Config\BaseService::getSharedInstance()
#15 /home/u154283797/domains/reybingo.com/public_html/system/Config/BaseService.php(321): CodeIgniter\Config\Services::request()
#16 /home/u154283797/domains/reybingo.com/public_html/system/Config/BaseService.php(202): CodeIgniter\Config\BaseService::__callStatic()
#17 /home/u154283797/domains/reybingo.com/public_html/system/Common.php(998): CodeIgniter\Config\BaseService::get()
#18 /home/u154283797/domains/reybingo.com/public_html/system/Debug/Exceptions.php(128): service()
#19 [internal function]: CodeIgniter\Debug\Exceptions->exceptionHandler()
#20 {main}
ERROR - 2025-10-16 22:16:01 --> Error connecting to the database: mysqli_sql_exception: Too many connections in /home/u154283797/domains/reybingo.com/public_html/system/Database/MySQLi/Connection.php:186
Stack trace:
#0 /home/u154283797/domains/reybingo.com/public_html/system/Database/MySQLi/Connection.php(186): mysqli->real_connect()
#1 /home/u154283797/domains/reybingo.com/public_html/system/Database/BaseConnection.php(421): CodeIgniter\Database\MySQLi\Connection->connect()
#2 /home/u154283797/domains/reybingo.com/public_html/system/Database/BaseConnection.php(616): CodeIgniter\Database\BaseConnection->initialize()
#3 /home/u154283797/domains/reybingo.com/public_html/system/Database/BaseBuilder.php(1644): CodeIgniter\Database\BaseConnection->query()
#4 /home/u154283797/domains/reybingo.com/public_html/app/Config/App.php(107): CodeIgniter\Database\BaseBuilder->get()
#5 /home/u154283797/domains/reybingo.com/public_html/app/Config/App.php(12): Config\App->getLanguageFromDatabase()
#6 /home/u154283797/domains/reybingo.com/public_html/system/Config/Factories.php(235): Config\App->__construct()
#7 /home/u154283797/domains/reybingo.com/public_html/system/Config/Factories.php(169): CodeIgniter\Config\Factories::createInstance()
#8 /home/u154283797/domains/reybingo.com/public_html/system/Config/Factories.php(188): CodeIgniter\Config\Factories::__callStatic()
#9 /home/u154283797/domains/reybingo.com/public_html/system/Common.php(208): CodeIgniter\Config\Factories::get()
#10 /home/u154283797/domains/reybingo.com/public_html/system/Config/Services.php(566): config()
#11 /home/u154283797/domains/reybingo.com/public_html/system/Config/BaseService.php(312): CodeIgniter\Config\Services::incomingrequest()
#12 /home/u154283797/domains/reybingo.com/public_html/system/Config/Services.php(528): CodeIgniter\Config\BaseService::__callStatic()
#13 /home/u154283797/domains/reybingo.com/public_html/system/Config/BaseService.php(312): CodeIgniter\Config\Services::request()
#14 /home/u154283797/domains/reybingo.com/public_html/system/Config/BaseService.php(251): CodeIgniter\Config\BaseService::__callStatic()
#15 /home/u154283797/domains/reybingo.com/public_html/system/Config/Services.php(524): CodeIgniter\Config\BaseService::getSharedInstance()
#16 /home/u154283797/domains/reybingo.com/public_html/system/Config/BaseService.php(312): CodeIgniter\Config\Services::request()
#17 /home/u154283797/domains/reybingo.com/public_html/system/Config/BaseService.php(202): CodeIgniter\Config\BaseService::__callStatic()
#18 /home/u154283797/domains/reybingo.com/public_html/system/Common.php(998): CodeIgniter\Config\BaseService::get()
#19 /home/u154283797/domains/reybingo.com/public_html/system/Debug/Exceptions.php(128): service()
#20 /home/u154283797/domains/reybingo.com/public_html/system/Debug/Exceptions.php(251): CodeIgniter\Debug\Exceptions->exceptionHandler()
#21 [internal function]: CodeIgniter\Debug\Exceptions->shutdownHandler()
#22 {main}

Next CodeIgniter\Database\Exceptions\DatabaseException: Too many connections in /home/u154283797/domains/reybingo.com/public_html/system/Database/MySQLi/Connection.php:231
Stack trace:
#0 /home/u154283797/domains/reybingo.com/public_html/system/Database/BaseConnection.php(421): CodeIgniter\Database\MySQLi\Connection->connect()
#1 /home/u154283797/domains/reybingo.com/public_html/system/Database/BaseConnection.php(616): CodeIgniter\Database\BaseConnection->initialize()
#2 /home/u154283797/domains/reybingo.com/public_html/system/Database/BaseBuilder.php(1644): CodeIgniter\Database\BaseConnection->query()
#3 /home/u154283797/domains/reybingo.com/public_html/app/Config/App.php(107): CodeIgniter\Database\BaseBuilder->get()
#4 /home/u154283797/domains/reybingo.com/public_html/app/Config/App.php(12): Config\App->getLanguageFromDatabase()
#5 /home/u154283797/domains/reybingo.com/public_html/system/Config/Factories.php(235): Config\App->__construct()
#6 /home/u154283797/domains/reybingo.com/public_html/system/Config/Factories.php(169): CodeIgniter\Config\Factories::createInstance()
#7 /home/u154283797/domains/reybingo.com/public_html/system/Config/Factories.php(188): CodeIgniter\Config\Factories::__callStatic()
#8 /home/u154283797/domains/reybingo.com/public_html/system/Common.php(208): CodeIgniter\Config\Factories::get()
#9 /home/u154283797/domains/reybingo.com/public_html/system/Config/Services.php(566): config()
#10 /home/u154283797/domains/reybingo.com/public_html/system/Config/BaseService.php(312): CodeIgniter\Config\Services::incomingrequest()
#11 /home/u154283797/domains/reybingo.com/public_html/system/Config/Services.php(528): CodeIgniter\Config\BaseService::__callStatic()
#12 /home/u154283797/domains/reybingo.com/public_html/system/Config/BaseService.php(312): CodeIgniter\Config\Services::request()
#13 /home/u154283797/domains/reybingo.com/public_html/system/Config/BaseService.php(251): CodeIgniter\Config\BaseService::__callStatic()
#14 /home/u154283797/domains/reybingo.com/public_html/system/Config/Services.php(524): CodeIgniter\Config\BaseService::getSharedInstance()
#15 /home/u154283797/domains/reybingo.com/public_html/system/Config/BaseService.php(312): CodeIgniter\Config\Services::request()
#16 /home/u154283797/domains/reybingo.com/public_html/system/Config/BaseService.php(202): CodeIgniter\Config\BaseService::__callStatic()
#17 /home/u154283797/domains/reybingo.com/public_html/system/Common.php(998): CodeIgniter\Config\BaseService::get()
#18 /home/u154283797/domains/reybingo.com/public_html/system/Debug/Exceptions.php(128): service()
#19 /home/u154283797/domains/reybingo.com/public_html/system/Debug/Exceptions.php(251): CodeIgniter\Debug\Exceptions->exceptionHandler()
#20 [internal function]: CodeIgniter\Debug\Exceptions->shutdownHandler()
#21 {main}
ERROR - 2025-10-16 22:16:01 --> Error connecting to the database: mysqli_sql_exception: Too many connections in /home/u154283797/domains/reybingo.com/public_html/system/Database/MySQLi/Connection.php:186
Stack trace:
#0 /home/u154283797/domains/reybingo.com/public_html/system/Database/MySQLi/Connection.php(186): mysqli->real_connect()
#1 /home/u154283797/domains/reybingo.com/public_html/system/Database/BaseConnection.php(421): CodeIgniter\Database\MySQLi\Connection->connect()
#2 /home/u154283797/domains/reybingo.com/public_html/system/Database/BaseConnection.php(616): CodeIgniter\Database\BaseConnection->initialize()
#3 /home/u154283797/domains/reybingo.com/public_html/system/Database/BaseBuilder.php(1644): CodeIgniter\Database\BaseConnection->query()
#4 /home/u154283797/domains/reybingo.com/public_html/app/Config/App.php(107): CodeIgniter\Database\BaseBuilder->get()
#5 /home/u154283797/domains/reybingo.com/public_html/app/Config/App.php(12): Config\App->getLanguageFromDatabase()
#6 /home/u154283797/domains/reybingo.com/public_html/system/Config/Factories.php(235): Config\App->__construct()
#7 /home/u154283797/domains/reybingo.com/public_html/system/Config/Factories.php(169): CodeIgniter\Config\Factories::createInstance()
#8 /home/u154283797/domains/reybingo.com/public_html/system/Config/Factories.php(188): CodeIgniter\Config\Factories::__callStatic()
#9 /home/u154283797/domains/reybingo.com/public_html/system/Common.php(208): CodeIgniter\Config\Factories::get()
#10 /home/u154283797/domains/reybingo.com/public_html/system/Config/Services.php(162): config()
#11 /home/u154283797/domains/reybingo.com/public_html/system/Config/BaseService.php(312): CodeIgniter\Config\Services::codeigniter()
#12 /home/u154283797/domains/reybingo.com/public_html/system/Config/BaseService.php(251): CodeIgniter\Config\BaseService::__callStatic()
#13 /home/u154283797/domains/reybingo.com/public_html/system/Config/Services.php(159): CodeIgniter\Config\BaseService::getSharedInstance()
#14 /home/u154283797/domains/reybingo.com/public_html/system/Config/BaseService.php(321): CodeIgniter\Config\Services::codeigniter()
#15 /home/u154283797/domains/reybingo.com/public_html/system/Config/BaseService.php(202): CodeIgniter\Config\BaseService::__callStatic()
#16 /home/u154283797/domains/reybingo.com/public_html/system/Common.php(998): CodeIgniter\Config\BaseService::get()
#17 /home/u154283797/domains/reybingo.com/public_html/system/Boot.php(320): service()
#18 /home/u154283797/domains/reybingo.com/public_html/system/Boot.php(66): CodeIgniter\Boot::initializeCodeIgniter()
#19 /home/u154283797/domains/reybingo.com/public_html/public/index.php(56): CodeIgniter\Boot::bootWeb()
#20 {main}

Next CodeIgniter\Database\Exceptions\DatabaseException: Too many connections in /home/u154283797/domains/reybingo.com/public_html/system/Database/MySQLi/Connection.php:231
Stack trace:
#0 /home/u154283797/domains/reybingo.com/public_html/system/Database/BaseConnection.php(421): CodeIgniter\Database\MySQLi\Connection->connect()
#1 /home/u154283797/domains/reybingo.com/public_html/system/Database/BaseConnection.php(616): CodeIgniter\Database\BaseConnection->initialize()
#2 /home/u154283797/domains/reybingo.com/public_html/system/Database/BaseBuilder.php(1644): CodeIgniter\Database\BaseConnection->query()
#3 /home/u154283797/domains/reybingo.com/public_html/app/Config/App.php(107): CodeIgniter\Database\BaseBuilder->get()
#4 /home/u154283797/domains/reybingo.com/public_html/app/Config/App.php(12): Config\App->getLanguageFromDatabase()
#5 /home/u154283797/domains/reybingo.com/public_html/system/Config/Factories.php(235): Config\App->__construct()
#6 /home/u154283797/domains/reybingo.com/public_html/system/Config/Factories.php(169): CodeIgniter\Config\Factories::createInstance()
#7 /home/u154283797/domains/reybingo.com/public_html/system/Config/Factories.php(188): CodeIgniter\Config\Factories::__callStatic()
#8 /home/u154283797/domains/reybingo.com/public_html/system/Common.php(208): CodeIgniter\Config\Factories::get()
#9 /home/u154283797/domains/reybingo.com/public_html/system/Config/Services.php(162): config()
#10 /home/u154283797/domains/reybingo.com/public_html/system/Config/BaseService.php(312): CodeIgniter\Config\Services::codeigniter()
#11 /home/u154283797/domains/reybingo.com/public_html/system/Config/BaseService.php(251): CodeIgniter\Config\BaseService::__callStatic()
#12 /home/u154283797/domains/reybingo.com/public_html/system/Config/Services.php(159): CodeIgniter\Config\BaseService::getSharedInstance()
#13 /home/u154283797/domains/reybingo.com/public_html/system/Config/BaseService.php(321): CodeIgniter\Config\Services::codeigniter()
#14 /home/u154283797/domains/reybingo.com/public_html/system/Config/BaseService.php(202): CodeIgniter\Config\BaseService::__callStatic()
#15 /home/u154283797/domains/reybingo.com/public_html/system/Common.php(998): CodeIgniter\Config\BaseService::get()
#16 /home/u154283797/domains/reybingo.com/public_html/system/Boot.php(320): service()
#17 /home/u154283797/domains/reybingo.com/public_html/system/Boot.php(66): CodeIgniter\Boot::initializeCodeIgniter()
#18 /home/u154283797/domains/reybingo.com/public_html/public/index.php(56): CodeIgniter\Boot::bootWeb()
#19 {main}
ERROR - 2025-10-16 22:16:01 --> Error connecting to the database: mysqli_sql_exception: Too many connections in /home/u154283797/domains/reybingo.com/public_html/system/Database/MySQLi/Connection.php:186
Stack trace:
#0 /home/u154283797/domains/reybingo.com/public_html/system/Database/MySQLi/Connection.php(186): mysqli->real_connect()
#1 /home/u154283797/domains/reybingo.com/public_html/system/Database/BaseConnection.php(421): CodeIgniter\Database\MySQLi\Connection->connect()
#2 /home/u154283797/domains/reybingo.com/public_html/system/Database/BaseConnection.php(616): CodeIgniter\Database\BaseConnection->initialize()
#3 /home/u154283797/domains/reybingo.com/public_html/system/Database/BaseBuilder.php(1644): CodeIgniter\Database\BaseConnection->query()
#4 /home/u154283797/domains/reybingo.com/public_html/app/Config/App.php(107): CodeIgniter\Database\BaseBuilder->get()
#5 /home/u154283797/domains/reybingo.com/public_html/app/Config/App.php(12): Config\App->getLanguageFromDatabase()
#6 /home/u154283797/domains/reybingo.com/public_html/system/Config/Factories.php(235): Config\App->__construct()
#7 /home/u154283797/domains/reybingo.com/public_html/system/Config/Factories.php(169): CodeIgniter\Config\Factories::createInstance()
#8 /home/u154283797/domains/reybingo.com/public_html/system/Config/Factories.php(188): CodeIgniter\Config\Factories::__callStatic()
#9 /home/u154283797/domains/reybingo.com/public_html/system/Common.php(208): CodeIgniter\Config\Factories::get()
#10 /home/u154283797/domains/reybingo.com/public_html/system/Config/Services.php(566): config()
#11 /home/u154283797/domains/reybingo.com/public_html/system/Config/BaseService.php(321): CodeIgniter\Config\Services::incomingrequest()
#12 /home/u154283797/domains/reybingo.com/public_html/system/Config/Services.php(528): CodeIgniter\Config\BaseService::__callStatic()
#13 /home/u154283797/domains/reybingo.com/public_html/system/Config/BaseService.php(312): CodeIgniter\Config\Services::request()
#14 /home/u154283797/domains/reybingo.com/public_html/system/Config/BaseService.php(251): CodeIgniter\Config\BaseService::__callStatic()
#15 /home/u154283797/domains/reybingo.com/public_html/system/Config/Services.php(524): CodeIgniter\Config\BaseService::getSharedInstance()
#16 /home/u154283797/domains/reybingo.com/public_html/system/Config/BaseService.php(321): CodeIgniter\Config\Services::request()
#17 /home/u154283797/domains/reybingo.com/public_html/system/Config/BaseService.php(202): CodeIgniter\Config\BaseService::__callStatic()
#18 /home/u154283797/domains/reybingo.com/public_html/system/Common.php(998): CodeIgniter\Config\BaseService::get()
#19 /home/u154283797/domains/reybingo.com/public_html/system/Debug/Exceptions.php(128): service()
#20 [internal function]: CodeIgniter\Debug\Exceptions->exceptionHandler()
#21 {main}

Next CodeIgniter\Database\Exceptions\DatabaseException: Too many connections in /home/u154283797/domains/reybingo.com/public_html/system/Database/MySQLi/Connection.php:231
Stack trace:
#0 /home/u154283797/domains/reybingo.com/public_html/system/Database/BaseConnection.php(421): CodeIgniter\Database\MySQLi\Connection->connect()
#1 /home/u154283797/domains/reybingo.com/public_html/system/Database/BaseConnection.php(616): CodeIgniter\Database\BaseConnection->initialize()
#2 /home/u154283797/domains/reybingo.com/public_html/system/Database/BaseBuilder.php(1644): CodeIgniter\Database\BaseConnection->query()
#3 /home/u154283797/domains/reybingo.com/public_html/app/Config/App.php(107): CodeIgniter\Database\BaseBuilder->get()
#4 /home/u154283797/domains/reybingo.com/public_html/app/Config/App.php(12): Config\App->getLanguageFromDatabase()
#5 /home/u154283797/domains/reybingo.com/public_html/system/Config/Factories.php(235): Config\App->__construct()
#6 /home/u154283797/domains/reybingo.com/public_html/system/Config/Factories.php(169): CodeIgniter\Config\Factories::createInstance()
#7 /home/u154283797/domains/reybingo.com/public_html/system/Config/Factories.php(188): CodeIgniter\Config\Factories::__callStatic()
#8 /home/u154283797/domains/reybingo.com/public_html/system/Common.php(208): CodeIgniter\Config\Factories::get()
#9 /home/u154283797/domains/reybingo.com/public_html/system/Config/Services.php(566): config()
#10 /home/u154283797/domains/reybingo.com/public_html/system/Config/BaseService.php(321): CodeIgniter\Config\Services::incomingrequest()
#11 /home/u154283797/domains/reybingo.com/public_html/system/Config/Services.php(528): CodeIgniter\Config\BaseService::__callStatic()
#12 /home/u154283797/domains/reybingo.com/public_html/system/Config/BaseService.php(312): CodeIgniter\Config\Services::request()
#13 /home/u154283797/domains/reybingo.com/public_html/system/Config/BaseService.php(251): CodeIgniter\Config\BaseService::__callStatic()
#14 /home/u154283797/domains/reybingo.com/public_html/system/Config/Services.php(524): CodeIgniter\Config\BaseService::getSharedInstance()
#15 /home/u154283797/domains/reybingo.com/public_html/system/Config/BaseService.php(321): CodeIgniter\Config\Services::request()
#16 /home/u154283797/domains/reybingo.com/public_html/system/Config/BaseService.php(202): CodeIgniter\Config\BaseService::__callStatic()
#17 /home/u154283797/domains/reybingo.com/public_html/system/Common.php(998): CodeIgniter\Config\BaseService::get()
#18 /home/u154283797/domains/reybingo.com/public_html/system/Debug/Exceptions.php(128): service()
#19 [internal function]: CodeIgniter\Debug\Exceptions->exceptionHandler()
#20 {main}
ERROR - 2025-10-16 22:16:01 --> Error connecting to the database: mysqli_sql_exception: Too many connections in /home/u154283797/domains/reybingo.com/public_html/system/Database/MySQLi/Connection.php:186
Stack trace:
#0 /home/u154283797/domains/reybingo.com/public_html/system/Database/MySQLi/Connection.php(186): mysqli->real_connect()
#1 /home/u154283797/domains/reybingo.com/public_html/system/Database/BaseConnection.php(421): CodeIgniter\Database\MySQLi\Connection->connect()
#2 /home/u154283797/domains/reybingo.com/public_html/system/Database/BaseConnection.php(616): CodeIgniter\Database\BaseConnection->initialize()
#3 /home/u154283797/domains/reybingo.com/public_html/system/Database/BaseBuilder.php(1644): CodeIgniter\Database\BaseConnection->query()
#4 /home/u154283797/domains/reybingo.com/public_html/app/Config/App.php(107): CodeIgniter\Database\BaseBuilder->get()
#5 /home/u154283797/domains/reybingo.com/public_html/app/Config/App.php(12): Config\App->getLanguageFromDatabase()
#6 /home/u154283797/domains/reybingo.com/public_html/system/Config/Factories.php(235): Config\App->__construct()
#7 /home/u154283797/domains/reybingo.com/public_html/system/Config/Factories.php(169): CodeIgniter\Config\Factories::createInstance()
#8 /home/u154283797/domains/reybingo.com/public_html/system/Config/Factories.php(188): CodeIgniter\Config\Factories::__callStatic()
#9 /home/u154283797/domains/reybingo.com/public_html/system/Common.php(208): CodeIgniter\Config\Factories::get()
#10 /home/u154283797/domains/reybingo.com/public_html/system/Config/Services.php(566): config()
#11 /home/u154283797/domains/reybingo.com/public_html/system/Config/BaseService.php(312): CodeIgniter\Config\Services::incomingrequest()
#12 /home/u154283797/domains/reybingo.com/public_html/system/Config/Services.php(528): CodeIgniter\Config\BaseService::__callStatic()
#13 /home/u154283797/domains/reybingo.com/public_html/system/Config/BaseService.php(312): CodeIgniter\Config\Services::request()
#14 /home/u154283797/domains/reybingo.com/public_html/system/Config/BaseService.php(251): CodeIgniter\Config\BaseService::__callStatic()
#15 /home/u154283797/domains/reybingo.com/public_html/system/Config/Services.php(524): CodeIgniter\Config\BaseService::getSharedInstance()
#16 /home/u154283797/domains/reybingo.com/public_html/system/Config/BaseService.php(312): CodeIgniter\Config\Services::request()
#17 /home/u154283797/domains/reybingo.com/public_html/system/Config/BaseService.php(202): CodeIgniter\Config\BaseService::__callStatic()
#18 /home/u154283797/domains/reybingo.com/public_html/system/Common.php(998): CodeIgniter\Config\BaseService::get()
#19 /home/u154283797/domains/reybingo.com/public_html/system/Debug/Exceptions.php(128): service()
#20 /home/u154283797/domains/reybingo.com/public_html/system/Debug/Exceptions.php(251): CodeIgniter\Debug\Exceptions->exceptionHandler()
#21 [internal function]: CodeIgniter\Debug\Exceptions->shutdownHandler()
#22 {main}

Next CodeIgniter\Database\Exceptions\DatabaseException: Too many connections in /home/u154283797/domains/reybingo.com/public_html/system/Database/MySQLi/Connection.php:231
Stack trace:
#0 /home/u154283797/domains/reybingo.com/public_html/system/Database/BaseConnection.php(421): CodeIgniter\Database\MySQLi\Connection->connect()
#1 /home/u154283797/domains/reybingo.com/public_html/system/Database/BaseConnection.php(616): CodeIgniter\Database\BaseConnection->initialize()
#2 /home/u154283797/domains/reybingo.com/public_html/system/Database/BaseBuilder.php(1644): CodeIgniter\Database\BaseConnection->query()
#3 /home/u154283797/domains/reybingo.com/public_html/app/Config/App.php(107): CodeIgniter\Database\BaseBuilder->get()
#4 /home/u154283797/domains/reybingo.com/public_html/app/Config/App.php(12): Config\App->getLanguageFromDatabase()
#5 /home/u154283797/domains/reybingo.com/public_html/system/Config/Factories.php(235): Config\App->__construct()
#6 /home/u154283797/domains/reybingo.com/public_html/system/Config/Factories.php(169): CodeIgniter\Config\Factories::createInstance()
#7 /home/u154283797/domains/reybingo.com/public_html/system/Config/Factories.php(188): CodeIgniter\Config\Factories::__callStatic()
#8 /home/u154283797/domains/reybingo.com/public_html/system/Common.php(208): CodeIgniter\Config\Factories::get()
#9 /home/u154283797/domains/reybingo.com/public_html/system/Config/Services.php(566): config()
#10 /home/u154283797/domains/reybingo.com/public_html/system/Config/BaseService.php(312): CodeIgniter\Config\Services::incomingrequest()
#11 /home/u154283797/domains/reybingo.com/public_html/system/Config/Services.php(528): CodeIgniter\Config\BaseService::__callStatic()
#12 /home/u154283797/domains/reybingo.com/public_html/system/Config/BaseService.php(312): CodeIgniter\Config\Services::request()
#13 /home/u154283797/domains/reybingo.com/public_html/system/Config/BaseService.php(251): CodeIgniter\Config\BaseService::__callStatic()
#14 /home/u154283797/domains/reybingo.com/public_html/system/Config/Services.php(524): CodeIgniter\Config\BaseService::getSharedInstance()
#15 /home/u154283797/domains/reybingo.com/public_html/system/Config/BaseService.php(312): CodeIgniter\Config\Services::request()
#16 /home/u154283797/domains/reybingo.com/public_html/system/Config/BaseService.php(202): CodeIgniter\Config\BaseService::__callStatic()
#17 /home/u154283797/domains/reybingo.com/public_html/system/Common.php(998): CodeIgniter\Config\BaseService::get()
#18 /home/u154283797/domains/reybingo.com/public_html/system/Debug/Exceptions.php(128): service()
#19 /home/u154283797/domains/reybingo.com/public_html/system/Debug/Exceptions.php(251): CodeIgniter\Debug\Exceptions->exceptionHandler()
#20 [internal function]: CodeIgniter\Debug\Exceptions->shutdownHandler()
#21 {main}
CRITICAL - 2025-10-16 20:18:45 --> ErrorException: Undefined array key "id"
[Method: GET, Route: users/userNotifications]
in APPPATH/Controllers/Users.php on line 659.
 1 APPPATH/Controllers/Users.php(659): CodeIgniter\Debug\Exceptions->errorHandler()
 2 SYSTEMPATH/CodeIgniter.php(933): App\Controllers\Users->userNotifications()
 3 SYSTEMPATH/CodeIgniter.php(509): CodeIgniter\CodeIgniter->runController()
 4 SYSTEMPATH/CodeIgniter.php(355): CodeIgniter\CodeIgniter->handleRequest()
 5 SYSTEMPATH/Boot.php(334): CodeIgniter\CodeIgniter->run()
 6 SYSTEMPATH/Boot.php(67): CodeIgniter\Boot::runCodeIgniter()
 7 FCPATH/index.php(56): CodeIgniter\Boot::bootWeb()
CRITICAL - 2025-10-16 22:04:07 --> ErrorException: Undefined array key "id"
[Method: GET, Route: users/userNotifications]
in APPPATH/Controllers/Users.php on line 659.
 1 APPPATH/Controllers/Users.php(659): CodeIgniter\Debug\Exceptions->errorHandler()
 2 SYSTEMPATH/CodeIgniter.php(933): App\Controllers\Users->userNotifications()
 3 SYSTEMPATH/CodeIgniter.php(509): CodeIgniter\CodeIgniter->runController()
 4 SYSTEMPATH/CodeIgniter.php(355): CodeIgniter\CodeIgniter->handleRequest()
 5 SYSTEMPATH/Boot.php(334): CodeIgniter\CodeIgniter->run()
 6 SYSTEMPATH/Boot.php(67): CodeIgniter\Boot::runCodeIgniter()
 7 FCPATH/index.php(56): CodeIgniter\Boot::bootWeb()
