ERROR - 2025-10-28 13:46:33 --> Email: Incapaz de enviar email usando PHP SMTP. Su servidor puede no estar configurado para enviar correos usando este método.
ERROR - 2025-10-28 13:46:33 --> 220 ESMTP smtp.hostinger.com

hello: 250-smtp.hostinger.com
250-PIPELINING
250-SIZE 48811212
250-ETRN
250-AUTH PLAIN LOGIN
250-ENHANCEDSTATUSCODES
250-8BITMIME
250-DSN
250 CHUNKING

from: 
Se han encontrado los siguientes errores SMTP: 
quit: 250 2.1.0 Ok

Se han encontrado los siguientes errores SMTP: 250 2.1.0 Ok

CRITICAL - 2025-10-28 16:22:04 --> ErrorException: Undefined array key "id"
[Method: GET, Route: users/userNotifications]
in APPPATH/Controllers/Users.php on line 659.
 1 APPPATH/Controllers/Users.php(659): CodeIgniter\Debug\Exceptions->errorHandler()
 2 SYSTEMPATH/CodeIgniter.php(933): App\Controllers\Users->userNotifications()
 3 SYSTEMPATH/CodeIgniter.php(509): CodeIgniter\CodeIgniter->runController()
 4 SYSTEMPATH/CodeIgniter.php(355): CodeIgniter\CodeIgniter->handleRequest()
 5 SYSTEMPATH/Boot.php(334): CodeIgniter\CodeIgniter->run()
 6 SYSTEMPATH/Boot.php(67): CodeIgniter\Boot::runCodeIgniter()
 7 FCPATH/index.php(56): CodeIgniter\Boot::bootWeb()
CRITICAL - 2025-10-28 16:22:07 --> ErrorException: Undefined array key "wallet"
[Method: GET, Route: playings/generateCartonsGet/80]
in APPPATH/Views/playings/selectCartons.php on line 25.
 1 APPPATH/Views/playings/selectCartons.php(25): CodeIgniter\Debug\Exceptions->errorHandler()
 2 SYSTEMPATH/View/View.php(234): include('/home/u154283797/domains/reybingo.com/public_html/app/Views/playings/selectCartons.php')
 3 SYSTEMPATH/View/View.php(237): CodeIgniter\View\View->CodeIgniter\View\{closure}()
 4 SYSTEMPATH/Common.php(1171): CodeIgniter\View\View->render()
 5 APPPATH/Controllers/Playings.php(229): view()
 6 SYSTEMPATH/CodeIgniter.php(933): App\Controllers\Playings->generateCartonsGet()
 7 SYSTEMPATH/CodeIgniter.php(509): CodeIgniter\CodeIgniter->runController()
 8 SYSTEMPATH/CodeIgniter.php(355): CodeIgniter\CodeIgniter->handleRequest()
 9 SYSTEMPATH/Boot.php(334): CodeIgniter\CodeIgniter->run()
10 SYSTEMPATH/Boot.php(67): CodeIgniter\Boot::runCodeIgniter()
11 FCPATH/index.php(56): CodeIgniter\Boot::bootWeb()
CRITICAL - 2025-10-28 19:07:09 --> ErrorException: Undefined array key "id"
[Method: GET, Route: users/userNotifications]
in APPPATH/Controllers/Users.php on line 659.
 1 APPPATH/Controllers/Users.php(659): CodeIgniter\Debug\Exceptions->errorHandler()
 2 SYSTEMPATH/CodeIgniter.php(933): App\Controllers\Users->userNotifications()
 3 SYSTEMPATH/CodeIgniter.php(509): CodeIgniter\CodeIgniter->runController()
 4 SYSTEMPATH/CodeIgniter.php(355): CodeIgniter\CodeIgniter->handleRequest()
 5 SYSTEMPATH/Boot.php(334): CodeIgniter\CodeIgniter->run()
 6 SYSTEMPATH/Boot.php(67): CodeIgniter\Boot::runCodeIgniter()
 7 FCPATH/index.php(56): CodeIgniter\Boot::bootWeb()
CRITICAL - 2025-10-28 19:52:08 --> ErrorException: Undefined array key "id"
[Method: GET, Route: users/userNotifications]
in APPPATH/Controllers/Users.php on line 659.
 1 APPPATH/Controllers/Users.php(659): CodeIgniter\Debug\Exceptions->errorHandler()
 2 SYSTEMPATH/CodeIgniter.php(933): App\Controllers\Users->userNotifications()
 3 SYSTEMPATH/CodeIgniter.php(509): CodeIgniter\CodeIgniter->runController()
 4 SYSTEMPATH/CodeIgniter.php(355): CodeIgniter\CodeIgniter->handleRequest()
 5 SYSTEMPATH/Boot.php(334): CodeIgniter\CodeIgniter->run()
 6 SYSTEMPATH/Boot.php(67): CodeIgniter\Boot::runCodeIgniter()
 7 FCPATH/index.php(56): CodeIgniter\Boot::bootWeb()
CRITICAL - 2025-10-28 20:21:43 --> ErrorException: Undefined array key "id"
[Method: GET, Route: users/userNotifications]
in APPPATH/Controllers/Users.php on line 659.
 1 APPPATH/Controllers/Users.php(659): CodeIgniter\Debug\Exceptions->errorHandler()
 2 SYSTEMPATH/CodeIgniter.php(933): App\Controllers\Users->userNotifications()
 3 SYSTEMPATH/CodeIgniter.php(509): CodeIgniter\CodeIgniter->runController()
 4 SYSTEMPATH/CodeIgniter.php(355): CodeIgniter\CodeIgniter->handleRequest()
 5 SYSTEMPATH/Boot.php(334): CodeIgniter\CodeIgniter->run()
 6 SYSTEMPATH/Boot.php(67): CodeIgniter\Boot::runCodeIgniter()
 7 FCPATH/index.php(56): CodeIgniter\Boot::bootWeb()
CRITICAL - 2025-10-28 21:26:22 --> ErrorException: Undefined array key "id"
[Method: GET, Route: users/userNotifications]
in APPPATH/Controllers/Users.php on line 659.
 1 APPPATH/Controllers/Users.php(659): CodeIgniter\Debug\Exceptions->errorHandler()
 2 SYSTEMPATH/CodeIgniter.php(933): App\Controllers\Users->userNotifications()
 3 SYSTEMPATH/CodeIgniter.php(509): CodeIgniter\CodeIgniter->runController()
 4 SYSTEMPATH/CodeIgniter.php(355): CodeIgniter\CodeIgniter->handleRequest()
 5 SYSTEMPATH/Boot.php(334): CodeIgniter\CodeIgniter->run()
 6 SYSTEMPATH/Boot.php(67): CodeIgniter\Boot::runCodeIgniter()
 7 FCPATH/index.php(56): CodeIgniter\Boot::bootWeb()
